<?xml version="1.0" encoding="UTF-8"?>
<!-- Generated by org.testng.reporters.JUnitReportReporter -->
<testsuite hostname="Abduls-MBP" failures="0" tests="1" name="ebayTest.ebayPageTest" time="28.573" errors="0" timestamp="2021-11-20T21:56:00 EST" skipped="0">
  <testcase classname="ebayTest.ebayPageTest" name="ebaySearchTest" time="28.573"/>
  <system-out/>
</testsuite> <!-- ebayTest.ebayPageTest -->
