<?xml version="1.0" encoding="UTF-8"?>
<!-- Generated by org.testng.reporters.JUnitReportReporter -->
<testsuite hostname="Abduls-MBP" failures="0" tests="1" name="ebayTest.ebayPageTest1" time="5.414" errors="0" timestamp="2021-11-16T23:11:30 EST" skipped="0">
  <testcase classname="ebayTest.ebayPageTest1" name="ebaySearchTest" time="5.414"/>
  <system-out/>
</testsuite> <!-- ebayTest.ebayPageTest1 -->
