<?xml version="1.0" encoding="UTF-8"?>
<!-- Generated by org.testng.reporters.JUnitReportReporter -->
<testsuite hostname="Abduls-MBP" failures="0" tests="2" name="Academy.HomePage" time="18.097" errors="0" timestamp="2023-03-03T15:39:30 EST" skipped="0">
  <testcase classname="Academy.HomePage" name="basePageNavigation" time="7.145"/>
  <system-out/>
  <testcase classname="Academy.HomePage" name="basePageNavigation" time="10.952"/>
  <system-out/>
</testsuite> <!-- Academy.HomePage -->
