<?xml version="1.0" encoding="UTF-8"?>
<!-- Generated by org.testng.reporters.JUnitReportReporter -->
<testsuite hostname="Abduls-MBP" failures="0" tests="2" name="basith301PageTest.StandAlonePageTest" time="33.046" errors="0" timestamp="2023-01-08T09:08:07 EST" skipped="0">
  <testcase classname="basith301PageTest.StandAlonePageTest" name="submitOrder2" time="15.717"/>
  <system-out/>
  <testcase classname="basith301PageTest.StandAlonePageTest" name="submitOrder" time="17.329"/>
  <system-out/>
</testsuite> <!-- basith301PageTest.StandAlonePageTest -->
