<?xml version="1.0" encoding="UTF-8"?>
<!-- Generated by org.testng.reporters.JUnitReportReporter -->
<testsuite hostname="Abduls-MBP" failures="0" tests="2" name="basith301PageTest.ErrorLoginPageTest" time="26.651" errors="0" timestamp="2023-03-05T10:51:09 EST" skipped="0">
  <testcase classname="basith301PageTest.ErrorLoginPageTest" name="loginError" time="15.555"/>
  <system-out/>
  <testcase classname="basith301PageTest.ErrorLoginPageTest" name="secondLoginError" time="11.096"/>
  <system-out/>
</testsuite> <!-- basith301PageTest.ErrorLoginPageTest -->
