<?xml version="1.0" encoding="UTF-8"?>
<!-- Generated by org.testng.reporters.JUnitReportReporter -->
<testsuite hostname="Abduls-MBP" failures="0" tests="3" name="basith301PageTest.OrderSubmitPageTest" time="58.264" errors="0" timestamp="2023-03-05T10:51:09 EST" skipped="0">
  <testcase classname="basith301PageTest.OrderSubmitPageTest" name="submitOrder" time="26.274"/>
  <system-out/>
  <testcase classname="basith301PageTest.OrderSubmitPageTest" name="submitOrder2" time="16.047"/>
  <system-out/>
  <testcase classname="basith301PageTest.OrderSubmitPageTest" name="submitOrder" time="15.943"/>
  <system-out/>
</testsuite> <!-- basith301PageTest.OrderSubmitPageTest -->
