<?xml version="1.0" encoding="UTF-8"?>
<!-- Generated by org.testng.reporters.JUnitReportReporter -->
<testsuite hostname="Abduls-MBP" failures="0" tests="1" name="basith301PageTest.ExtentReport" time="26.017" errors="0" timestamp="2023-03-05T10:51:09 EST" skipped="0">
  <testcase classname="basith301PageTest.ExtentReport" name="shoping" time="26.017"/>
  <system-out/>
</testsuite> <!-- basith301PageTest.ExtentReport -->
