<?xml version="1.0" encoding="UTF-8"?>
<!-- Generated by org.testng.reporters.JUnitReportReporter -->
<testsuite hostname="Abduls-MBP" failures="0" tests="1" name="basith.projectTest.MyPracticeTest" time="19.074" errors="0" timestamp="2021-11-01T11:04:53 EDT" skipped="0">
  <testcase classname="basith.projectTest.MyPracticeTest" name="testOne" time="19.074"/>
  <system-out/>
</testsuite> <!-- basith.projectTest.MyPracticeTest -->
