<?xml version="1.0" encoding="UTF-8"?>
<!-- Generated by org.testng.reporters.JUnitReportReporter -->
<testsuite hostname="Abduls-MBP" failures="0" tests="1" name="amazonPageTest.AmazonpagesTest" time="7.547" errors="0" timestamp="2023-03-08T09:17:52 EST" skipped="0">
  <testcase classname="amazonPageTest.AmazonpagesTest" name="loginPageTest" time="7.547"/>
  <system-out/>
</testsuite> <!-- amazonPageTest.AmazonpagesTest -->
