<?xml version="1.0" encoding="UTF-8"?>
<!-- Generated by org.testng.reporters.JUnitReportReporter -->
<testsuite hostname="Abduls-MBP" failures="0" tests="4" name="Chowdhury.Test1" time="47.552" errors="0" timestamp="2021-07-18T09:40:04 EDT" skipped="0">
  <testcase classname="Chowdhury.Test1" name="firstTest" time="12.250"/>
  <system-out/>
  <testcase classname="Chowdhury.Test1" name="thirdTest" time="12.807"/>
  <system-out/>
  <testcase classname="Chowdhury.Test1" name="forthTest" time="10.941"/>
  <system-out/>
  <testcase classname="Chowdhury.Test1" name="secondTest" time="11.554"/>
  <system-out/>
</testsuite> <!-- Chowdhury.Test1 -->
