<?xml version="1.0" encoding="UTF-8"?>
<!-- Generated by org.testng.reporters.JUnitReportReporter -->
<testsuite hostname="Abduls-MBP" failures="0" tests="1" name="Usps.uspsTest" time="16.074" errors="0" timestamp="2021-08-02T00:17:28 EDT" skipped="0">
  <testcase classname="Usps.uspsTest" name="login" time="16.074"/>
  <system-out/>
</testsuite> <!-- Usps.uspsTest -->
