<?xml version="1.0" encoding="UTF-8"?>
<!-- Generated by org.testng.reporters.JUnitReportReporter -->
<testsuite hostname="Abduls-MBP" failures="0" tests="4" name="OrangeHRA.MyTest" time="57.887" errors="0" timestamp="2021-07-26T00:59:17 EDT" skipped="0">
  <testcase classname="OrangeHRA.MyTest" name="testDirectoryPage" time="15.350"/>
  <system-out/>
  <testcase classname="OrangeHRA.MyTest" name="testMaintenancePage" time="16.528"/>
  <system-out/>
  <testcase classname="OrangeHRA.MyTest" name="testHraLoginPage" time="12.094"/>
  <system-out/>
  <testcase classname="OrangeHRA.MyTest" name="testHraPimPage" time="13.915"/>
  <system-out/>
</testsuite> <!-- OrangeHRA.MyTest -->
