<?xml version="1.0" encoding="UTF-8"?>
<!-- Generated by org.testng.reporters.JUnitReportReporter -->
<testsuite hostname="Abduls-MBP" failures="0" tests="1" name="Ups.TestUPS" time="25.410" errors="0" timestamp="2021-07-19T19:42:00 EDT" skipped="0">
  <testcase classname="Ups.TestUPS" name="Upslogin" time="25.410"/>
  <system-out/>
</testsuite> <!-- Ups.TestUPS -->
