<?xml version="1.0" encoding="UTF-8"?>
<!-- Generated by org.testng.reporters.JUnitReportReporter -->
<testsuite hostname="Abduls-MBP" failures="0" tests="1" name="testNg" time="0.007" errors="0" timestamp="2021-07-17T23:33:08 EDT" skipped="0">
  <testcase classname="testNg" name="demo" time="0.007"/>
  <system-out/>
</testsuite> <!-- testNg -->
