<?xml version="1.0" encoding="UTF-8"?>
<!-- Generated by org.testng.reporters.JUnitReportReporter -->
<testsuite hostname="Abduls-MBP" failures="0" tests="2" name="Chowdhury.uspsTest" time="31.714" errors="0" timestamp="2021-07-15T10:07:27 EDT" skipped="0">
  <testcase classname="Chowdhury.uspsTest" name="myTest" time="17.909"/>
  <system-out/>
  <testcase classname="Chowdhury.uspsTest" name="myTest2" time="13.805"/>
  <system-out/>
</testsuite> <!-- Chowdhury.uspsTest -->
