<?xml version="1.0" encoding="UTF-8"?>
<!-- Generated by org.testng.reporters.JUnitReportReporter -->
<testsuite hostname="Abduls-MBP" failures="0" tests="1" name="OrangeHRA.TestArrays" time="10.597" errors="0" timestamp="2021-08-09T11:08:09 EDT" skipped="0">
  <testcase classname="OrangeHRA.TestArrays" name="allAdmin" time="10.597"/>
  <system-out/>
</testsuite> <!-- OrangeHRA.TestArrays -->
