<?xml version="1.0" encoding="UTF-8"?>
<!-- Generated by org.testng.reporters.JUnitReportReporter -->
<testsuite hostname="Abduls-MBP" failures="0" tests="1" name="Chowdhury.MyTest" time="10.927" errors="0" timestamp="2021-07-18T11:01:27 EDT" skipped="0">
  <testcase classname="Chowdhury.MyTest" name="test1" time="10.927"/>
  <system-out/>
</testsuite> <!-- Chowdhury.MyTest -->
