<?xml version="1.0" encoding="UTF-8"?>
<!-- Generated by org.testng.reporters.JUnitReportReporter -->
<testsuite hostname="Abduls-MBP" failures="0" tests="3" name="OrangeHRA.Test1" time="35.280" errors="0" timestamp="2021-07-19T18:59:53 EDT" skipped="0">
  <testcase classname="OrangeHRA.Test1" name="firstTest" time="12.545"/>
  <system-out/>
  <testcase classname="OrangeHRA.Test1" name="forthTest" time="10.825"/>
  <system-out/>
  <testcase classname="OrangeHRA.Test1" name="secondTest" time="11.910"/>
  <system-out/>
</testsuite> <!-- OrangeHRA.Test1 -->
