<?xml version="1.0" encoding="UTF-8"?>
<!-- Generated by org.testng.reporters.JUnitReportReporter -->
<testsuite hostname="Abduls-MBP" failures="0" tests="1" name="bdtuch.arif.Practice" time="36.233" errors="0" timestamp="2021-10-24T23:42:35 EDT" skipped="0">
  <testcase classname="bdtuch.arif.Practice" name="myTest" time="36.233"/>
  <system-out/>
</testsuite> <!-- bdtuch.arif.Practice -->
