<?xml version="1.0" encoding="UTF-8"?>
<!-- Generated by org.testng.reporters.JUnitReportReporter -->
<testsuite hostname="Abduls-MBP" failures="0" tests="2" name="restAssuredTest.Test01_GET" time="3.071" errors="0" timestamp="2023-03-04T22:24:27 EST" skipped="0">
  <testcase classname="restAssuredTest.Test01_GET" name="test2" time="0.849"/>
  <system-out/>
  <testcase classname="restAssuredTest.Test01_GET" name="test1" time="2.222"/>
  <system-out/>
</testsuite> <!-- restAssuredTest.Test01_GET -->
