<?xml version="1.0" encoding="UTF-8"?>
<!-- Generated by org.testng.reporters.JUnitReportReporter -->
<testsuite hostname="Abduls-MBP" failures="0" tests="1" name="restAssuredTest.Test_POST" time="2.566" errors="0" timestamp="2021-09-08T23:04:47 EDT" skipped="0">
  <testcase classname="restAssuredTest.Test_POST" name="test" time="2.566"/>
  <system-out/>
</testsuite> <!-- restAssuredTest.Test_POST -->
