<?xml version="1.0" encoding="UTF-8"?>
<!-- Generated by org.testng.reporters.JUnitReportReporter -->
<testsuite hostname="Abduls-MBP" failures="0" tests="1" name="restAssuredTest.Tests_GET" time="3.340" errors="0" timestamp="2021-09-08T23:04:34 EDT" skipped="0">
  <testcase classname="restAssuredTest.Tests_GET" name="test1" time="3.340"/>
  <system-out/>
</testsuite> <!-- restAssuredTest.Tests_GET -->
