<?xml version="1.0" encoding="UTF-8"?>
<!-- Generated by org.testng.reporters.JUnitReportReporter -->
<testsuite hostname="Abduls-MBP" failures="0" tests="1" name="websiteInspect.Apple" time="6.549" errors="0" timestamp="2023-02-22T21:39:31 EST" skipped="0">
  <testcase classname="websiteInspect.Apple" name="apple" time="6.549"/>
  <system-out/>
</testsuite> <!-- websiteInspect.Apple -->
