<?xml version="1.0" encoding="UTF-8"?>
<!-- Generated by org.testng.reporters.JUnitReportReporter -->
<testsuite hostname="Abduls-MBP" failures="0" tests="1" name="websiteInspect.Amazon" time="5.241" errors="0" timestamp="2023-02-23T18:28:04 EST" skipped="0">
  <testcase classname="websiteInspect.Amazon" name="amazon" time="5.241"/>
  <system-out/>
</testsuite> <!-- websiteInspect.Amazon -->
