<?xml version="1.0" encoding="UTF-8"?>
<testsuite xmlns:xsi="http://www.w3.org/2001/XMLSchema-instance" xsi:noNamespaceSchemaLocation="https://maven.apache.org/surefire/maven-surefire-plugin/xsd/surefire-test-report-3.0.xsd" version="3.0" name="TestSuite" time="24.871" tests="5" errors="0" skipped="0" failures="1">
  <properties>
    <property name="java.specification.version" value="19"/>
    <property name="webdriver.chrome.driver" value="/Users/basith301/.cache/selenium/chromedriver/mac-arm64/110.0.5481.77/chromedriver"/>
    <property name="sun.jnu.encoding" value="UTF-8"/>
    <property name="java.class.path" value="/Users/basith301/eclipse-workspace/SeleniumFrameworkDesignbyRahul/target/test-classes:/Users/basith301/eclipse-workspace/SeleniumFrameworkDesignbyRahul/target/classes:/Users/basith301/.m2/repository/org/seleniumhq/selenium/selenium-java/4.7.2/selenium-java-4.7.2.jar:/Users/basith301/.m2/repository/org/seleniumhq/selenium/selenium-api/4.7.2/selenium-api-4.7.2.jar:/Users/basith301/.m2/repository/org/seleniumhq/selenium/selenium-chrome-driver/4.7.2/selenium-chrome-driver-4.7.2.jar:/Users/basith301/.m2/repository/com/google/auto/service/auto-service-annotations/1.0.1/auto-service-annotations-1.0.1.jar:/Users/basith301/.m2/repository/com/google/auto/service/auto-service/1.0.1/auto-service-1.0.1.jar:/Users/basith301/.m2/repository/com/google/auto/auto-common/1.2/auto-common-1.2.jar:/Users/basith301/.m2/repository/com/google/guava/guava/31.1-jre/guava-31.1-jre.jar:/Users/basith301/.m2/repository/com/google/guava/failureaccess/1.0.1/failureaccess-1.0.1.jar:/Users/basith301/.m2/repository/com/google/guava/listenablefuture/9999.0-empty-to-avoid-conflict-with-guava/listenablefuture-9999.0-empty-to-avoid-conflict-with-guava.jar:/Users/basith301/.m2/repository/com/google/code/findbugs/jsr305/3.0.2/jsr305-3.0.2.jar:/Users/basith301/.m2/repository/org/checkerframework/checker-qual/3.12.0/checker-qual-3.12.0.jar:/Users/basith301/.m2/repository/com/google/errorprone/error_prone_annotations/2.11.0/error_prone_annotations-2.11.0.jar:/Users/basith301/.m2/repository/com/google/j2objc/j2objc-annotations/1.3/j2objc-annotations-1.3.jar:/Users/basith301/.m2/repository/org/seleniumhq/selenium/selenium-chromium-driver/4.7.2/selenium-chromium-driver-4.7.2.jar:/Users/basith301/.m2/repository/org/seleniumhq/selenium/selenium-json/4.7.2/selenium-json-4.7.2.jar:/Users/basith301/.m2/repository/org/seleniumhq/selenium/selenium-devtools-v106/4.7.2/selenium-devtools-v106-4.7.2.jar:/Users/basith301/.m2/repository/org/seleniumhq/selenium/selenium-devtools-v107/4.7.2/selenium-devtools-v107-4.7.2.jar:/Users/basith301/.m2/repository/org/seleniumhq/selenium/selenium-devtools-v108/4.7.2/selenium-devtools-v108-4.7.2.jar:/Users/basith301/.m2/repository/org/seleniumhq/selenium/selenium-devtools-v85/4.7.2/selenium-devtools-v85-4.7.2.jar:/Users/basith301/.m2/repository/org/seleniumhq/selenium/selenium-edge-driver/4.7.2/selenium-edge-driver-4.7.2.jar:/Users/basith301/.m2/repository/org/seleniumhq/selenium/selenium-firefox-driver/4.7.2/selenium-firefox-driver-4.7.2.jar:/Users/basith301/.m2/repository/org/seleniumhq/selenium/selenium-http/4.7.2/selenium-http-4.7.2.jar:/Users/basith301/.m2/repository/dev/failsafe/failsafe/3.3.0/failsafe-3.3.0.jar:/Users/basith301/.m2/repository/org/seleniumhq/selenium/selenium-ie-driver/4.7.2/selenium-ie-driver-4.7.2.jar:/Users/basith301/.m2/repository/org/seleniumhq/selenium/selenium-remote-driver/4.7.2/selenium-remote-driver-4.7.2.jar:/Users/basith301/.m2/repository/io/netty/netty-buffer/4.1.84.Final/netty-buffer-4.1.84.Final.jar:/Users/basith301/.m2/repository/io/netty/netty-codec-http/4.1.84.Final/netty-codec-http-4.1.84.Final.jar:/Users/basith301/.m2/repository/io/netty/netty-codec/4.1.84.Final/netty-codec-4.1.84.Final.jar:/Users/basith301/.m2/repository/io/netty/netty-handler/4.1.84.Final/netty-handler-4.1.84.Final.jar:/Users/basith301/.m2/repository/io/netty/netty-common/4.1.84.Final/netty-common-4.1.84.Final.jar:/Users/basith301/.m2/repository/io/netty/netty-transport-classes-epoll/4.1.84.Final/netty-transport-classes-epoll-4.1.84.Final.jar:/Users/basith301/.m2/repository/io/netty/netty-transport-classes-kqueue/4.1.84.Final/netty-transport-classes-kqueue-4.1.84.Final.jar:/Users/basith301/.m2/repository/io/netty/netty-transport-native-epoll/4.1.84.Final/netty-transport-native-epoll-4.1.84.Final.jar:/Users/basith301/.m2/repository/io/netty/netty-transport-native-kqueue/4.1.84.Final/netty-transport-native-kqueue-4.1.84.Final.jar:/Users/basith301/.m2/repository/io/netty/netty-transport-native-unix-common/4.1.84.Final/netty-transport-native-unix-common-4.1.84.Final.jar:/Users/basith301/.m2/repository/io/netty/netty-transport/4.1.84.Final/netty-transport-4.1.84.Final.jar:/Users/basith301/.m2/repository/io/netty/netty-resolver/4.1.84.Final/netty-resolver-4.1.84.Final.jar:/Users/basith301/.m2/repository/io/opentelemetry/opentelemetry-api/1.19.0/opentelemetry-api-1.19.0.jar:/Users/basith301/.m2/repository/io/opentelemetry/opentelemetry-context/1.19.0/opentelemetry-context-1.19.0.jar:/Users/basith301/.m2/repository/io/opentelemetry/opentelemetry-exporter-logging/1.19.0/opentelemetry-exporter-logging-1.19.0.jar:/Users/basith301/.m2/repository/io/opentelemetry/opentelemetry-sdk-metrics/1.19.0/opentelemetry-sdk-metrics-1.19.0.jar:/Users/basith301/.m2/repository/io/opentelemetry/opentelemetry-sdk-logs/1.19.0-alpha/opentelemetry-sdk-logs-1.19.0-alpha.jar:/Users/basith301/.m2/repository/io/opentelemetry/opentelemetry-api-logs/1.19.0-alpha/opentelemetry-api-logs-1.19.0-alpha.jar:/Users/basith301/.m2/repository/io/opentelemetry/opentelemetry-sdk-common/1.19.0/opentelemetry-sdk-common-1.19.0.jar:/Users/basith301/.m2/repository/io/opentelemetry/opentelemetry-sdk-extension-autoconfigure-spi/1.19.0/opentelemetry-sdk-extension-autoconfigure-spi-1.19.0.jar:/Users/basith301/.m2/repository/io/opentelemetry/opentelemetry-sdk-extension-autoconfigure/1.19.0-alpha/opentelemetry-sdk-extension-autoconfigure-1.19.0-alpha.jar:/Users/basith301/.m2/repository/io/opentelemetry/opentelemetry-exporter-common/1.19.0/opentelemetry-exporter-common-1.19.0.jar:/Users/basith301/.m2/repository/io/opentelemetry/opentelemetry-sdk-trace/1.19.0/opentelemetry-sdk-trace-1.19.0.jar:/Users/basith301/.m2/repository/io/opentelemetry/opentelemetry-sdk/1.19.0/opentelemetry-sdk-1.19.0.jar:/Users/basith301/.m2/repository/io/opentelemetry/opentelemetry-semconv/1.19.0-alpha/opentelemetry-semconv-1.19.0-alpha.jar:/Users/basith301/.m2/repository/io/ous/jtoml/2.0.0/jtoml-2.0.0.jar:/Users/basith301/.m2/repository/net/bytebuddy/byte-buddy/1.12.18/byte-buddy-1.12.18.jar:/Users/basith301/.m2/repository/org/apache/commons/commons-exec/1.3/commons-exec-1.3.jar:/Users/basith301/.m2/repository/org/asynchttpclient/async-http-client/2.12.3/async-http-client-2.12.3.jar:/Users/basith301/.m2/repository/org/asynchttpclient/async-http-client-netty-utils/2.12.3/async-http-client-netty-utils-2.12.3.jar:/Users/basith301/.m2/repository/io/netty/netty-codec-socks/4.1.60.Final/netty-codec-socks-4.1.60.Final.jar:/Users/basith301/.m2/repository/io/netty/netty-handler-proxy/4.1.60.Final/netty-handler-proxy-4.1.60.Final.jar:/Users/basith301/.m2/repository/io/netty/netty-transport-native-epoll/4.1.60.Final/netty-transport-native-epoll-4.1.60.Final-linux-x86_64.jar:/Users/basith301/.m2/repository/io/netty/netty-transport-native-kqueue/4.1.60.Final/netty-transport-native-kqueue-4.1.60.Final-osx-x86_64.jar:/Users/basith301/.m2/repository/com/typesafe/netty/netty-reactive-streams/2.0.4/netty-reactive-streams-2.0.4.jar:/Users/basith301/.m2/repository/com/sun/activation/jakarta.activation/1.2.2/jakarta.activation-1.2.2.jar:/Users/basith301/.m2/repository/org/seleniumhq/selenium/selenium-manager/4.7.2/selenium-manager-4.7.2.jar:/Users/basith301/.m2/repository/org/seleniumhq/selenium/selenium-safari-driver/4.7.2/selenium-safari-driver-4.7.2.jar:/Users/basith301/.m2/repository/org/seleniumhq/selenium/selenium-support/4.7.2/selenium-support-4.7.2.jar:/Users/basith301/.m2/repository/io/cucumber/cucumber-java/7.5.0/cucumber-java-7.5.0.jar:/Users/basith301/.m2/repository/io/cucumber/cucumber-core/7.5.0/cucumber-core-7.5.0.jar:/Users/basith301/.m2/repository/io/cucumber/cucumber-gherkin/7.5.0/cucumber-gherkin-7.5.0.jar:/Users/basith301/.m2/repository/io/cucumber/cucumber-gherkin-messages/7.5.0/cucumber-gherkin-messages-7.5.0.jar:/Users/basith301/.m2/repository/io/cucumber/gherkin/23.0.1/gherkin-23.0.1.jar:/Users/basith301/.m2/repository/io/cucumber/messages/18.0.0/messages-18.0.0.jar:/Users/basith301/.m2/repository/io/cucumber/tag-expressions/4.1.0/tag-expressions-4.1.0.jar:/Users/basith301/.m2/repository/io/cucumber/cucumber-expressions/16.0.0/cucumber-expressions-16.0.0.jar:/Users/basith301/.m2/repository/io/cucumber/datatable/7.5.0/datatable-7.5.0.jar:/Users/basith301/.m2/repository/io/cucumber/cucumber-plugin/7.5.0/cucumber-plugin-7.5.0.jar:/Users/basith301/.m2/repository/io/cucumber/docstring/7.5.0/docstring-7.5.0.jar:/Users/basith301/.m2/repository/io/cucumber/html-formatter/19.2.0/html-formatter-19.2.0.jar:/Users/basith301/.m2/repository/io/cucumber/ci-environment/9.1.0/ci-environment-9.1.0.jar:/Users/basith301/.m2/repository/org/apiguardian/apiguardian-api/1.1.2/apiguardian-api-1.1.2.jar:/Users/basith301/.m2/repository/io/cucumber/cucumber-testng/7.5.0/cucumber-testng-7.5.0.jar:/Users/basith301/.m2/repository/com/aventstack/extentreports/5.0.9/extentreports-5.0.9.jar:/Users/basith301/.m2/repository/io/reactivex/rxjava3/rxjava/3.0.4/rxjava-3.0.4.jar:/Users/basith301/.m2/repository/org/reactivestreams/reactive-streams/1.0.3/reactive-streams-1.0.3.jar:/Users/basith301/.m2/repository/org/freemarker/freemarker/2.3.30/freemarker-2.3.30.jar:/Users/basith301/.m2/repository/org/projectlombok/lombok/1.18.12/lombok-1.18.12.jar:/Users/basith301/.m2/repository/com/google/code/gson/gson/2.8.6/gson-2.8.6.jar:/Users/basith301/.m2/repository/io/github/bonigarcia/webdrivermanager/5.3.1/webdrivermanager-5.3.1.jar:/Users/basith301/.m2/repository/org/slf4j/slf4j-api/2.0.3/slf4j-api-2.0.3.jar:/Users/basith301/.m2/repository/com/github/docker-java/docker-java/3.2.13/docker-java-3.2.13.jar:/Users/basith301/.m2/repository/com/github/docker-java/docker-java-core/3.2.13/docker-java-core-3.2.13.jar:/Users/basith301/.m2/repository/com/github/docker-java/docker-java-api/3.2.13/docker-java-api-3.2.13.jar:/Users/basith301/.m2/repository/commons-io/commons-io/2.6/commons-io-2.6.jar:/Users/basith301/.m2/repository/org/apache/commons/commons-compress/1.21/commons-compress-1.21.jar:/Users/basith301/.m2/repository/org/bouncycastle/bcpkix-jdk15on/1.64/bcpkix-jdk15on-1.64.jar:/Users/basith301/.m2/repository/org/bouncycastle/bcprov-jdk15on/1.64/bcprov-jdk15on-1.64.jar:/Users/basith301/.m2/repository/org/slf4j/jcl-over-slf4j/1.7.30/jcl-over-slf4j-1.7.30.jar:/Users/basith301/.m2/repository/com/github/docker-java/docker-java-transport-httpclient5/3.2.13/docker-java-transport-httpclient5-3.2.13.jar:/Users/basith301/.m2/repository/com/github/docker-java/docker-java-transport/3.2.13/docker-java-transport-3.2.13.jar:/Users/basith301/.m2/repository/net/java/dev/jna/jna/5.8.0/jna-5.8.0.jar:/Users/basith301/.m2/repository/org/brotli/dec/0.1.2/dec-0.1.2.jar:/Users/basith301/.m2/repository/org/apache/commons/commons-lang3/3.12.0/commons-lang3-3.12.0.jar:/Users/basith301/.m2/repository/org/apache/httpcomponents/client5/httpclient5/5.1.3/httpclient5-5.1.3.jar:/Users/basith301/.m2/repository/org/apache/httpcomponents/core5/httpcore5/5.1.3/httpcore5-5.1.3.jar:/Users/basith301/.m2/repository/org/apache/httpcomponents/core5/httpcore5-h2/5.1.3/httpcore5-h2-5.1.3.jar:/Users/basith301/.m2/repository/commons-codec/commons-codec/1.15/commons-codec-1.15.jar:/Users/basith301/.m2/repository/org/testng/testng/7.7.1/testng-7.7.1.jar:/Users/basith301/.m2/repository/com/beust/jcommander/1.82/jcommander-1.82.jar:/Users/basith301/.m2/repository/org/webjars/jquery/3.6.1/jquery-3.6.1.jar:/Users/basith301/.m2/repository/com/fasterxml/jackson/core/jackson-databind/2.13.3/jackson-databind-2.13.3.jar:/Users/basith301/.m2/repository/com/fasterxml/jackson/core/jackson-annotations/2.13.3/jackson-annotations-2.13.3.jar:/Users/basith301/.m2/repository/com/fasterxml/jackson/core/jackson-core/2.13.3/jackson-core-2.13.3.jar:"/>
    <property name="java.vm.vendor" value="Homebrew"/>
    <property name="sun.arch.data.model" value="64"/>
    <property name="java.vendor.url" value="https://github.com/Homebrew/homebrew-core/issues"/>
    <property name="user.timezone" value="America/New_York"/>
    <property name="os.name" value="Mac OS X"/>
    <property name="java.vm.specification.version" value="19"/>
    <property name="sun.java.launcher" value="SUN_STANDARD"/>
    <property name="user.country" value="US"/>
    <property name="sun.boot.library.path" value="/opt/homebrew/Cellar/openjdk/19.0.2/libexec/openjdk.jdk/Contents/Home/lib"/>
    <property name="sun.java.command" value="/Users/basith301/eclipse-workspace/SeleniumFrameworkDesignbyRahul/target/surefire/surefirebooter-20230224200855389_3.jar /Users/basith301/eclipse-workspace/SeleniumFrameworkDesignbyRahul/target/surefire 2023-02-24T20-08-55_293-jvmRun1 surefire-20230224200855389_1tmp surefire_0-20230224200855389_2tmp"/>
    <property name="http.nonProxyHosts" value="local|*.local|169.254/16|*.169.254/16"/>
    <property name="jdk.debug" value="release"/>
    <property name="surefire.test.class.path" value="/Users/basith301/eclipse-workspace/SeleniumFrameworkDesignbyRahul/target/test-classes:/Users/basith301/eclipse-workspace/SeleniumFrameworkDesignbyRahul/target/classes:/Users/basith301/.m2/repository/org/seleniumhq/selenium/selenium-java/4.7.2/selenium-java-4.7.2.jar:/Users/basith301/.m2/repository/org/seleniumhq/selenium/selenium-api/4.7.2/selenium-api-4.7.2.jar:/Users/basith301/.m2/repository/org/seleniumhq/selenium/selenium-chrome-driver/4.7.2/selenium-chrome-driver-4.7.2.jar:/Users/basith301/.m2/repository/com/google/auto/service/auto-service-annotations/1.0.1/auto-service-annotations-1.0.1.jar:/Users/basith301/.m2/repository/com/google/auto/service/auto-service/1.0.1/auto-service-1.0.1.jar:/Users/basith301/.m2/repository/com/google/auto/auto-common/1.2/auto-common-1.2.jar:/Users/basith301/.m2/repository/com/google/guava/guava/31.1-jre/guava-31.1-jre.jar:/Users/basith301/.m2/repository/com/google/guava/failureaccess/1.0.1/failureaccess-1.0.1.jar:/Users/basith301/.m2/repository/com/google/guava/listenablefuture/9999.0-empty-to-avoid-conflict-with-guava/listenablefuture-9999.0-empty-to-avoid-conflict-with-guava.jar:/Users/basith301/.m2/repository/com/google/code/findbugs/jsr305/3.0.2/jsr305-3.0.2.jar:/Users/basith301/.m2/repository/org/checkerframework/checker-qual/3.12.0/checker-qual-3.12.0.jar:/Users/basith301/.m2/repository/com/google/errorprone/error_prone_annotations/2.11.0/error_prone_annotations-2.11.0.jar:/Users/basith301/.m2/repository/com/google/j2objc/j2objc-annotations/1.3/j2objc-annotations-1.3.jar:/Users/basith301/.m2/repository/org/seleniumhq/selenium/selenium-chromium-driver/4.7.2/selenium-chromium-driver-4.7.2.jar:/Users/basith301/.m2/repository/org/seleniumhq/selenium/selenium-json/4.7.2/selenium-json-4.7.2.jar:/Users/basith301/.m2/repository/org/seleniumhq/selenium/selenium-devtools-v106/4.7.2/selenium-devtools-v106-4.7.2.jar:/Users/basith301/.m2/repository/org/seleniumhq/selenium/selenium-devtools-v107/4.7.2/selenium-devtools-v107-4.7.2.jar:/Users/basith301/.m2/repository/org/seleniumhq/selenium/selenium-devtools-v108/4.7.2/selenium-devtools-v108-4.7.2.jar:/Users/basith301/.m2/repository/org/seleniumhq/selenium/selenium-devtools-v85/4.7.2/selenium-devtools-v85-4.7.2.jar:/Users/basith301/.m2/repository/org/seleniumhq/selenium/selenium-edge-driver/4.7.2/selenium-edge-driver-4.7.2.jar:/Users/basith301/.m2/repository/org/seleniumhq/selenium/selenium-firefox-driver/4.7.2/selenium-firefox-driver-4.7.2.jar:/Users/basith301/.m2/repository/org/seleniumhq/selenium/selenium-http/4.7.2/selenium-http-4.7.2.jar:/Users/basith301/.m2/repository/dev/failsafe/failsafe/3.3.0/failsafe-3.3.0.jar:/Users/basith301/.m2/repository/org/seleniumhq/selenium/selenium-ie-driver/4.7.2/selenium-ie-driver-4.7.2.jar:/Users/basith301/.m2/repository/org/seleniumhq/selenium/selenium-remote-driver/4.7.2/selenium-remote-driver-4.7.2.jar:/Users/basith301/.m2/repository/io/netty/netty-buffer/4.1.84.Final/netty-buffer-4.1.84.Final.jar:/Users/basith301/.m2/repository/io/netty/netty-codec-http/4.1.84.Final/netty-codec-http-4.1.84.Final.jar:/Users/basith301/.m2/repository/io/netty/netty-codec/4.1.84.Final/netty-codec-4.1.84.Final.jar:/Users/basith301/.m2/repository/io/netty/netty-handler/4.1.84.Final/netty-handler-4.1.84.Final.jar:/Users/basith301/.m2/repository/io/netty/netty-common/4.1.84.Final/netty-common-4.1.84.Final.jar:/Users/basith301/.m2/repository/io/netty/netty-transport-classes-epoll/4.1.84.Final/netty-transport-classes-epoll-4.1.84.Final.jar:/Users/basith301/.m2/repository/io/netty/netty-transport-classes-kqueue/4.1.84.Final/netty-transport-classes-kqueue-4.1.84.Final.jar:/Users/basith301/.m2/repository/io/netty/netty-transport-native-epoll/4.1.84.Final/netty-transport-native-epoll-4.1.84.Final.jar:/Users/basith301/.m2/repository/io/netty/netty-transport-native-kqueue/4.1.84.Final/netty-transport-native-kqueue-4.1.84.Final.jar:/Users/basith301/.m2/repository/io/netty/netty-transport-native-unix-common/4.1.84.Final/netty-transport-native-unix-common-4.1.84.Final.jar:/Users/basith301/.m2/repository/io/netty/netty-transport/4.1.84.Final/netty-transport-4.1.84.Final.jar:/Users/basith301/.m2/repository/io/netty/netty-resolver/4.1.84.Final/netty-resolver-4.1.84.Final.jar:/Users/basith301/.m2/repository/io/opentelemetry/opentelemetry-api/1.19.0/opentelemetry-api-1.19.0.jar:/Users/basith301/.m2/repository/io/opentelemetry/opentelemetry-context/1.19.0/opentelemetry-context-1.19.0.jar:/Users/basith301/.m2/repository/io/opentelemetry/opentelemetry-exporter-logging/1.19.0/opentelemetry-exporter-logging-1.19.0.jar:/Users/basith301/.m2/repository/io/opentelemetry/opentelemetry-sdk-metrics/1.19.0/opentelemetry-sdk-metrics-1.19.0.jar:/Users/basith301/.m2/repository/io/opentelemetry/opentelemetry-sdk-logs/1.19.0-alpha/opentelemetry-sdk-logs-1.19.0-alpha.jar:/Users/basith301/.m2/repository/io/opentelemetry/opentelemetry-api-logs/1.19.0-alpha/opentelemetry-api-logs-1.19.0-alpha.jar:/Users/basith301/.m2/repository/io/opentelemetry/opentelemetry-sdk-common/1.19.0/opentelemetry-sdk-common-1.19.0.jar:/Users/basith301/.m2/repository/io/opentelemetry/opentelemetry-sdk-extension-autoconfigure-spi/1.19.0/opentelemetry-sdk-extension-autoconfigure-spi-1.19.0.jar:/Users/basith301/.m2/repository/io/opentelemetry/opentelemetry-sdk-extension-autoconfigure/1.19.0-alpha/opentelemetry-sdk-extension-autoconfigure-1.19.0-alpha.jar:/Users/basith301/.m2/repository/io/opentelemetry/opentelemetry-exporter-common/1.19.0/opentelemetry-exporter-common-1.19.0.jar:/Users/basith301/.m2/repository/io/opentelemetry/opentelemetry-sdk-trace/1.19.0/opentelemetry-sdk-trace-1.19.0.jar:/Users/basith301/.m2/repository/io/opentelemetry/opentelemetry-sdk/1.19.0/opentelemetry-sdk-1.19.0.jar:/Users/basith301/.m2/repository/io/opentelemetry/opentelemetry-semconv/1.19.0-alpha/opentelemetry-semconv-1.19.0-alpha.jar:/Users/basith301/.m2/repository/io/ous/jtoml/2.0.0/jtoml-2.0.0.jar:/Users/basith301/.m2/repository/net/bytebuddy/byte-buddy/1.12.18/byte-buddy-1.12.18.jar:/Users/basith301/.m2/repository/org/apache/commons/commons-exec/1.3/commons-exec-1.3.jar:/Users/basith301/.m2/repository/org/asynchttpclient/async-http-client/2.12.3/async-http-client-2.12.3.jar:/Users/basith301/.m2/repository/org/asynchttpclient/async-http-client-netty-utils/2.12.3/async-http-client-netty-utils-2.12.3.jar:/Users/basith301/.m2/repository/io/netty/netty-codec-socks/4.1.60.Final/netty-codec-socks-4.1.60.Final.jar:/Users/basith301/.m2/repository/io/netty/netty-handler-proxy/4.1.60.Final/netty-handler-proxy-4.1.60.Final.jar:/Users/basith301/.m2/repository/io/netty/netty-transport-native-epoll/4.1.60.Final/netty-transport-native-epoll-4.1.60.Final-linux-x86_64.jar:/Users/basith301/.m2/repository/io/netty/netty-transport-native-kqueue/4.1.60.Final/netty-transport-native-kqueue-4.1.60.Final-osx-x86_64.jar:/Users/basith301/.m2/repository/com/typesafe/netty/netty-reactive-streams/2.0.4/netty-reactive-streams-2.0.4.jar:/Users/basith301/.m2/repository/com/sun/activation/jakarta.activation/1.2.2/jakarta.activation-1.2.2.jar:/Users/basith301/.m2/repository/org/seleniumhq/selenium/selenium-manager/4.7.2/selenium-manager-4.7.2.jar:/Users/basith301/.m2/repository/org/seleniumhq/selenium/selenium-safari-driver/4.7.2/selenium-safari-driver-4.7.2.jar:/Users/basith301/.m2/repository/org/seleniumhq/selenium/selenium-support/4.7.2/selenium-support-4.7.2.jar:/Users/basith301/.m2/repository/io/cucumber/cucumber-java/7.5.0/cucumber-java-7.5.0.jar:/Users/basith301/.m2/repository/io/cucumber/cucumber-core/7.5.0/cucumber-core-7.5.0.jar:/Users/basith301/.m2/repository/io/cucumber/cucumber-gherkin/7.5.0/cucumber-gherkin-7.5.0.jar:/Users/basith301/.m2/repository/io/cucumber/cucumber-gherkin-messages/7.5.0/cucumber-gherkin-messages-7.5.0.jar:/Users/basith301/.m2/repository/io/cucumber/gherkin/23.0.1/gherkin-23.0.1.jar:/Users/basith301/.m2/repository/io/cucumber/messages/18.0.0/messages-18.0.0.jar:/Users/basith301/.m2/repository/io/cucumber/tag-expressions/4.1.0/tag-expressions-4.1.0.jar:/Users/basith301/.m2/repository/io/cucumber/cucumber-expressions/16.0.0/cucumber-expressions-16.0.0.jar:/Users/basith301/.m2/repository/io/cucumber/datatable/7.5.0/datatable-7.5.0.jar:/Users/basith301/.m2/repository/io/cucumber/cucumber-plugin/7.5.0/cucumber-plugin-7.5.0.jar:/Users/basith301/.m2/repository/io/cucumber/docstring/7.5.0/docstring-7.5.0.jar:/Users/basith301/.m2/repository/io/cucumber/html-formatter/19.2.0/html-formatter-19.2.0.jar:/Users/basith301/.m2/repository/io/cucumber/ci-environment/9.1.0/ci-environment-9.1.0.jar:/Users/basith301/.m2/repository/org/apiguardian/apiguardian-api/1.1.2/apiguardian-api-1.1.2.jar:/Users/basith301/.m2/repository/io/cucumber/cucumber-testng/7.5.0/cucumber-testng-7.5.0.jar:/Users/basith301/.m2/repository/com/aventstack/extentreports/5.0.9/extentreports-5.0.9.jar:/Users/basith301/.m2/repository/io/reactivex/rxjava3/rxjava/3.0.4/rxjava-3.0.4.jar:/Users/basith301/.m2/repository/org/reactivestreams/reactive-streams/1.0.3/reactive-streams-1.0.3.jar:/Users/basith301/.m2/repository/org/freemarker/freemarker/2.3.30/freemarker-2.3.30.jar:/Users/basith301/.m2/repository/org/projectlombok/lombok/1.18.12/lombok-1.18.12.jar:/Users/basith301/.m2/repository/com/google/code/gson/gson/2.8.6/gson-2.8.6.jar:/Users/basith301/.m2/repository/io/github/bonigarcia/webdrivermanager/5.3.1/webdrivermanager-5.3.1.jar:/Users/basith301/.m2/repository/org/slf4j/slf4j-api/2.0.3/slf4j-api-2.0.3.jar:/Users/basith301/.m2/repository/com/github/docker-java/docker-java/3.2.13/docker-java-3.2.13.jar:/Users/basith301/.m2/repository/com/github/docker-java/docker-java-core/3.2.13/docker-java-core-3.2.13.jar:/Users/basith301/.m2/repository/com/github/docker-java/docker-java-api/3.2.13/docker-java-api-3.2.13.jar:/Users/basith301/.m2/repository/commons-io/commons-io/2.6/commons-io-2.6.jar:/Users/basith301/.m2/repository/org/apache/commons/commons-compress/1.21/commons-compress-1.21.jar:/Users/basith301/.m2/repository/org/bouncycastle/bcpkix-jdk15on/1.64/bcpkix-jdk15on-1.64.jar:/Users/basith301/.m2/repository/org/bouncycastle/bcprov-jdk15on/1.64/bcprov-jdk15on-1.64.jar:/Users/basith301/.m2/repository/org/slf4j/jcl-over-slf4j/1.7.30/jcl-over-slf4j-1.7.30.jar:/Users/basith301/.m2/repository/com/github/docker-java/docker-java-transport-httpclient5/3.2.13/docker-java-transport-httpclient5-3.2.13.jar:/Users/basith301/.m2/repository/com/github/docker-java/docker-java-transport/3.2.13/docker-java-transport-3.2.13.jar:/Users/basith301/.m2/repository/net/java/dev/jna/jna/5.8.0/jna-5.8.0.jar:/Users/basith301/.m2/repository/org/brotli/dec/0.1.2/dec-0.1.2.jar:/Users/basith301/.m2/repository/org/apache/commons/commons-lang3/3.12.0/commons-lang3-3.12.0.jar:/Users/basith301/.m2/repository/org/apache/httpcomponents/client5/httpclient5/5.1.3/httpclient5-5.1.3.jar:/Users/basith301/.m2/repository/org/apache/httpcomponents/core5/httpcore5/5.1.3/httpcore5-5.1.3.jar:/Users/basith301/.m2/repository/org/apache/httpcomponents/core5/httpcore5-h2/5.1.3/httpcore5-h2-5.1.3.jar:/Users/basith301/.m2/repository/commons-codec/commons-codec/1.15/commons-codec-1.15.jar:/Users/basith301/.m2/repository/org/testng/testng/7.7.1/testng-7.7.1.jar:/Users/basith301/.m2/repository/com/beust/jcommander/1.82/jcommander-1.82.jar:/Users/basith301/.m2/repository/org/webjars/jquery/3.6.1/jquery-3.6.1.jar:/Users/basith301/.m2/repository/com/fasterxml/jackson/core/jackson-databind/2.13.3/jackson-databind-2.13.3.jar:/Users/basith301/.m2/repository/com/fasterxml/jackson/core/jackson-annotations/2.13.3/jackson-annotations-2.13.3.jar:/Users/basith301/.m2/repository/com/fasterxml/jackson/core/jackson-core/2.13.3/jackson-core-2.13.3.jar:"/>
    <property name="sun.cpu.endian" value="little"/>
    <property name="user.home" value="/Users/basith301"/>
    <property name="user.language" value="en"/>
    <property name="java.specification.vendor" value="Oracle Corporation"/>
    <property name="java.version.date" value="2023-01-17"/>
    <property name="java.home" value="/opt/homebrew/Cellar/openjdk/19.0.2/libexec/openjdk.jdk/Contents/Home"/>
    <property name="file.separator" value="/"/>
    <property name="basedir" value="/Users/basith301/eclipse-workspace/SeleniumFrameworkDesignbyRahul"/>
    <property name="java.vm.compressedOopsMode" value="Zero based"/>
    <property name="line.separator" value="&#10;"/>
    <property name="java.vm.specification.vendor" value="Oracle Corporation"/>
    <property name="java.specification.name" value="Java Platform API Specification"/>
    <property name="apple.awt.application.name" value="ForkedBooter"/>
    <property name="surefire.real.class.path" value="/Users/basith301/eclipse-workspace/SeleniumFrameworkDesignbyRahul/target/surefire/surefirebooter-20230224200855389_3.jar"/>
    <property name="sun.management.compiler" value="HotSpot 64-Bit Tiered Compilers"/>
    <property name="ftp.nonProxyHosts" value="local|*.local|169.254/16|*.169.254/16"/>
    <property name="java.runtime.version" value="19.0.2"/>
    <property name="user.name" value="basith301"/>
    <property name="stdout.encoding" value="UTF-8"/>
    <property name="path.separator" value=":"/>
    <property name="os.version" value="13.2.1"/>
    <property name="java.runtime.name" value="OpenJDK Runtime Environment"/>
    <property name="file.encoding" value="UTF-8"/>
    <property name="java.vm.name" value="OpenJDK 64-Bit Server VM"/>
    <property name="java.vendor.version" value="Homebrew"/>
    <property name="localRepository" value="/Users/basith301/.m2/repository"/>
    <property name="java.vendor.url.bug" value="https://github.com/Homebrew/homebrew-core/issues"/>
    <property name="java.io.tmpdir" value="/var/folders/cl/s9txh2jx6bx0j2nrcp9r3mnc0000gn/T/"/>
    <property name="java.version" value="19.0.2"/>
    <property name="user.dir" value="/Users/basith301/eclipse-workspace/SeleniumFrameworkDesignbyRahul"/>
    <property name="os.arch" value="aarch64"/>
    <property name="java.vm.specification.name" value="Java Virtual Machine Specification"/>
    <property name="native.encoding" value="UTF-8"/>
    <property name="java.library.path" value="/Users/basith301/Library/Java/Extensions:/Library/Java/Extensions:/Network/Library/Java/Extensions:/System/Library/Java/Extensions:/usr/lib/java:."/>
    <property name="java.vm.info" value="mixed mode, sharing"/>
    <property name="stderr.encoding" value="UTF-8"/>
    <property name="java.vendor" value="Homebrew"/>
    <property name="java.vm.version" value="19.0.2"/>
    <property name="sun.io.unicode.encoding" value="UnicodeBig"/>
    <property name="socksNonProxyHosts" value="local|*.local|169.254/16|*.169.254/16"/>
    <property name="java.class.version" value="63.0"/>
  </properties>
  <testcase name="LoginErrorValidation" classname="rahulshettyacademy.tests.ErrorValidationsTest" time="0.81">
    <system-err><![CDATA[SLF4J: No SLF4J providers were found.
SLF4J: Defaulting to no-operation (NOP) logger implementation
SLF4J: See https://www.slf4j.org/codes.html#noProviders for further details.
StartStariting CnhrogmeDr ivCer h110r.0.o5481m.7e7D (r6i5vede61r6c6 e8e1e103.0fe.5048a1d.764fe7837 96(c65ed062106c6e68e4e3f4ed04a2da6f4-freefs83796/c0b20644dranch42a-f-refs/brahenadsc/h5-4h8e1a@d{#83s9/}5)4 8o1n@ {p#o8rt 176317
Onl9y }l)o ocnal  pcoorntn e1c1t8i9o2n
sO nalrye  alolclaol wceodn.n
ePclteiaose sns are aelel ohwed.
Pttps://chromedriver.chromium.org/securleiaset syee- htctpos:/n/chsridoemreadtriiovnesr .fcohrr osmuigugme.sotrigo/nsse on keeping ChrcoumeDriver safe.
rity-considerations for suggestions on keeping ChromeDriver safe.
ChroCmeDrivehrr owmaesD rsitavretre dw assu csctaerstsefdu lsly.
uccessfully.
[1677287341.312][WARNING]: virtual void DevToolsClientImpl::AddListener(DevToolsEventListener *) subscribing a listener to the already connected DevToolsClient. Connection notification will not arrive.
[1677287341.409][WARNING]: virtual void DevToolsClientImpl::AddListener(DevToolsEventListener *) subscribing a listener to the already connected DevToolsClient. Connection notification will not arrive.
Feb 24, 2023 8:09:01 PM org.openqa.selenium.devtools.CdpVersionFinder findNearestMatch
WARNING: Unable to find an exact match for CDP version 110, so returning the closest version found: 108
Feb 24, 2023 8:09:01 PM org.openqa.selenium.devtools.CdpVersionFinder findNearestMatch
WARNING: Unable to find an exact match for CDP version 110, so returning the closest version found: 108
]]></system-err>
  </testcase>
  <testcase name="ProductErrorValidation" classname="rahulshettyacademy.tests.ErrorValidationsTest" time="0.828">
    <failure message="Expected condition failed: waiting for visibility of element located by By.cssSelector: .mb-3 (tried for 5 second(s) with 500 milliseconds interval)&#10;Build info: version: &apos;4.7.2&apos;, revision: &apos;4d4020c3b7&apos;&#10;System info: os.name: &apos;Mac OS X&apos;, os.arch: &apos;aarch64&apos;, os.version: &apos;13.2.1&apos;, java.version: &apos;19.0.2&apos;&#10;Driver info: org.openqa.selenium.chrome.ChromeDriver&#10;Capabilities {acceptInsecureCerts: false, browserName: chrome, browserVersion: 110.0.5481.100, chrome: {chromedriverVersion: 110.0.5481.77 (65ed616c6e8e..., userDataDir: /var/folders/cl/s9txh2jx6bx...}, goog:chromeOptions: {debuggerAddress: localhost:53871}, networkConnectionEnabled: false, pageLoadStrategy: normal, platformName: MAC, proxy: Proxy(), se:cdp: ws://localhost:53871/devtoo..., se:cdpVersion: 110.0.5481.100, setWindowRect: true, strictFileInteractability: false, timeouts: {implicit: 0, pageLoad: 300000, script: 30000}, unhandledPromptBehavior: dismiss and notify, webauthn:extension:credBlob: true, webauthn:extension:largeBlob: true, webauthn:virtualAuthenticators: true}&#10;Session ID: d63d5b252eb3167000d5167be1305de6" type="org.openqa.selenium.TimeoutException"><![CDATA[org.openqa.selenium.TimeoutException: 
Expected condition failed: waiting for visibility of element located by By.cssSelector: .mb-3 (tried for 5 second(s) with 500 milliseconds interval)
Build info: version: '4.7.2', revision: '4d4020c3b7'
System info: os.name: 'Mac OS X', os.arch: 'aarch64', os.version: '13.2.1', java.version: '19.0.2'
Driver info: org.openqa.selenium.chrome.ChromeDriver
Capabilities {acceptInsecureCerts: false, browserName: chrome, browserVersion: 110.0.5481.100, chrome: {chromedriverVersion: 110.0.5481.77 (65ed616c6e8e..., userDataDir: /var/folders/cl/s9txh2jx6bx...}, goog:chromeOptions: {debuggerAddress: localhost:53871}, networkConnectionEnabled: false, pageLoadStrategy: normal, platformName: MAC, proxy: Proxy(), se:cdp: ws://localhost:53871/devtoo..., se:cdpVersion: 110.0.5481.100, setWindowRect: true, strictFileInteractability: false, timeouts: {implicit: 0, pageLoad: 300000, script: 30000}, unhandledPromptBehavior: dismiss and notify, webauthn:extension:credBlob: true, webauthn:extension:largeBlob: true, webauthn:virtualAuthenticators: true}
Session ID: d63d5b252eb3167000d5167be1305de6
	at org.openqa.selenium.support.ui.WebDriverWait.timeoutException(WebDriverWait.java:87)
	at org.openqa.selenium.support.ui.FluentWait.until(FluentWait.java:231)
	at rahulshettyacademy.AbstractComponents.AbstractComponent.waitForElementToAppear(AbstractComponent.java:44)
	at rahulshettyacademy.pageobjects.ProductCatalogue.getProductList(ProductCatalogue.java:36)
	at rahulshettyacademy.tests.ErrorValidationsTest.ProductErrorValidation(ErrorValidationsTest.java:31)
	at java.base/jdk.internal.reflect.DirectMethodHandleAccessor.invoke(DirectMethodHandleAccessor.java:104)
	at java.base/java.lang.reflect.Method.invoke(Method.java:578)
	at org.testng.internal.invokers.MethodInvocationHelper.invokeMethod(MethodInvocationHelper.java:139)
	at org.testng.internal.invokers.TestInvoker.invokeMethod(TestInvoker.java:677)
	at org.testng.internal.invokers.TestInvoker.invokeTestMethod(TestInvoker.java:221)
	at org.testng.internal.invokers.MethodRunner.runInSequence(MethodRunner.java:50)
	at org.testng.internal.invokers.TestInvoker$MethodInvocationAgent.invoke(TestInvoker.java:969)
	at org.testng.internal.invokers.TestInvoker.invokeTestMethods(TestInvoker.java:194)
	at org.testng.internal.invokers.TestMethodWorker.invokeTestMethods(TestMethodWorker.java:148)
	at org.testng.internal.invokers.TestMethodWorker.run(TestMethodWorker.java:128)
	at java.base/java.util.ArrayList.forEach(ArrayList.java:1511)
	at org.testng.TestRunner.privateRun(TestRunner.java:829)
	at org.testng.TestRunner.run(TestRunner.java:602)
	at org.testng.SuiteRunner.runTest(SuiteRunner.java:437)
	at org.testng.SuiteRunner$SuiteWorker.run(SuiteRunner.java:475)
	at org.testng.internal.thread.ThreadUtil.lambda$execute$0(ThreadUtil.java:58)
	at java.base/java.util.concurrent.FutureTask.run(FutureTask.java:317)
	at java.base/java.util.concurrent.ThreadPoolExecutor.runWorker(ThreadPoolExecutor.java:1144)
	at java.base/java.util.concurrent.ThreadPoolExecutor$Worker.run(ThreadPoolExecutor.java:642)
	at java.base/java.lang.Thread.run(Thread.java:1589)
]]></failure>
  </testcase>
  <testcase name="submitOrder[{password=Iamking@000, product=ZARA COAT 3, email=anshika@gmail.com}](1)" classname="rahulshettyacademy.tests.SubmitOrderTest" time="3.426">
    <system-err><![CDATA[Starting ChromeDriver 110.0.5481.77 (65ed616c6e8ee3fe0ad64fe83796c020644d42af-refs/branch-heads/5481@{#839}) on port 4554
Only local connections are allowed.
Please see https://chromedriver.chromium.org/security-considerations for suggestions on keeping ChromeDriver safe.
ChromeDriver was started successfully.
[1677287346.328][WARNING]: virtual void DevToolsClientImpl::AddListener(DevToolsEventListener *) subscribing a listener to the already connected DevToolsClient. Connection notification will not arrive.
Feb 24, 2023 8:09:06 PM org.openqa.selenium.devtools.CdpVersionFinder findNearestMatch
WARNING: Unable to find an exact match for CDP version 110, so returning the closest version found: 108
]]></system-err>
  </testcase>
  <testcase name="submitOrder[{password=Iamking@000, product=ADIDAS ORIGINAL, email=shetty@gmail.com}](2)" classname="rahulshettyacademy.tests.SubmitOrderTest" time="3.442">
    <system-err><![CDATA[Starting ChromeDriver 110.0.5481.77 (65ed616c6e8ee3fe0ad64fe83796c020644d42af-refs/branch-heads/5481@{#839}) on port 2246
Only local connections are allowed.
Please see https://chromedriver.chromium.org/security-considerations for suggestions on keeping ChromeDriver safe.
ChromeDriver was started successfully.
[1677287348.947][WARNING]: virtual void DevToolsClientImpl::AddListener(DevToolsEventListener *) subscribing a listener to the already connected DevToolsClient. Connection notification will not arrive.
Feb 24, 2023 8:09:08 PM org.openqa.selenium.devtools.CdpVersionFinder findNearestMatch
WARNING: Unable to find an exact match for CDP version 110, so returning the closest version found: 108
]]></system-err>
  </testcase>
  <testcase name="OrderHistoryTest" classname="rahulshettyacademy.tests.SubmitOrderTest" time="0.744">
    <system-err><![CDATA[Starting ChromeDriver 110.0.5481.77 (65ed616c6e8ee3fe0ad64fe83796c020644d42af-refs/branch-heads/5481@{#839}) on port 37856
Only local connections are allowed.
Please see https://chromedriver.chromium.org/security-considerations for suggestions on keeping ChromeDriver safe.
ChromeDriver was started successfully.
[1677287356.294][WARNING]: virtual void DevToolsClientImpl::AddListener(DevToolsEventListener *) subscribing a listener to the already connected DevToolsClient. Connection notification will not arrive.
Feb 24, 2023 8:09:16 PM org.openqa.selenium.devtools.CdpVersionFinder findNearestMatch
WARNING: Unable to find an exact match for CDP version 110, so returning the closest version found: 108
]]></system-err>
  </testcase>
</testsuite>