<?xml version="1.0" encoding="UTF-8"?>
<!-- Generated by org.testng.reporters.JUnitReportReporter -->
<testsuite hostname="Abduls-MBP" failures="0" tests="1" name="bdtuch.EtoEPractise.AppTest" time="0.008" errors="0" timestamp="2021-10-09T20:51:49 EDT" skipped="0">
  <testcase classname="bdtuch.EtoEPractise.AppTest" name="shouldAnswerWithTrue" time="0.008"/>
  <system-out/>
</testsuite> <!-- bdtuch.EtoEPractise.AppTest -->
