<?xml version="1.0" encoding="UTF-8"?>
<!-- Generated by org.testng.reporters.JUnitReportReporter -->
<testsuite hostname="Abduls-MBP" failures="0" tests="1" name="sauce.demo.SauceTest" time="4.380" errors="0" timestamp="2021-11-08T21:03:06 EST" skipped="0">
  <testcase classname="sauce.demo.SauceTest" name="homePageTest" time="4.380"/>
  <system-out/>
</testsuite> <!-- sauce.demo.SauceTest -->
