<?xml version="1.0" encoding="UTF-8"?>
<!-- Generated by org.testng.reporters.JUnitReportReporter -->
<testsuite hostname="Abduls-MBP" failures="0" tests="1" name="a_I_S_pageTest.Browser_Navigate" time="40.616" errors="0" timestamp="2023-03-04T22:52:44 EST" skipped="0">
  <testcase classname="a_I_S_pageTest.Browser_Navigate" name="pageNavigate" time="40.616"/>
  <system-out/>
</testsuite> <!-- a_I_S_pageTest.Browser_Navigate -->
