<?xml version="1.0" encoding="UTF-8"?>
<!-- Generated by org.testng.reporters.JUnitReportReporter -->
<testsuite hostname="Abduls-MBP" failures="0" tests="1" name="a_I_S_pageTest.A_I_S_dropdown" time="18.939" errors="0" timestamp="2023-03-04T22:51:29 EST" skipped="0">
  <testcase classname="a_I_S_pageTest.A_I_S_dropdown" name="arabianShappong" time="18.939"/>
  <system-out/>
</testsuite> <!-- a_I_S_pageTest.A_I_S_dropdown -->
