<?xml version="1.0" encoding="UTF-8"?>
<!-- Generated by org.testng.reporters.JUnitReportReporter -->
<testsuite hostname="Abduls-MBP" failures="0" tests="2" name="Academy.HomePage" time="11.544" errors="0" timestamp="2021-11-01T00:03:41 EDT" skipped="0">
  <testcase classname="Academy.HomePage" name="basePageNavigation" time="3.935"/>
  <system-out/>
  <testcase classname="Academy.HomePage" name="basePageNavigation" time="7.609"/>
  <system-out/>
</testsuite> <!-- Academy.HomePage -->
