<?xml version="1.0" encoding="UTF-8"?>
<!-- Generated by org.testng.reporters.JUnitReportReporter -->
<testsuite hostname="Abduls-MBP" failures="0" tests="2" name="bdTech.E2EProject.HomePage" time="12.258" errors="0" timestamp="2021-08-06T00:28:13 EDT" skipped="0">
  <testcase classname="bdTech.E2EProject.HomePage" name="basePageNavigation" time="9.778"/>
  <system-out/>
  <testcase classname="bdTech.E2EProject.HomePage" name="basePageNavigation" time="2.480"/>
  <system-out/>
</testsuite> <!-- bdTech.E2EProject.HomePage -->
