<?xml version="1.0" encoding="UTF-8"?>
<!-- Generated by org.testng.reporters.JUnitReportReporter -->
<testsuite skipped="0" hostname="Abduls-MBP" name="bdTech.E2EProject.DragWindows" tests="1" failures="0" timestamp="2021-08-31T23:05:38 EDT" time="5.265" errors="0">
  <testcase name="drop" time="5.265" classname="bdTech.E2EProject.DragWindows"/>
  <system-out/>
</testsuite> <!-- bdTech.E2EProject.DragWindows -->
