<?xml version="1.0" encoding="UTF-8"?>
<!-- Generated by org.testng.reporters.JUnitReportReporter -->
<testsuite hostname="Abduls-MBP" failures="0" tests="1" name="bdTech.E2EProject.AppTest" time="12.513" errors="0" timestamp="2021-08-05T23:50:09 EDT" skipped="0">
  <testcase classname="bdTech.E2EProject.AppTest" name="baseNavigation" time="12.513"/>
  <system-out/>
</testsuite> <!-- bdTech.E2EProject.AppTest -->
