<?xml version="1.0" encoding="UTF-8"?>
<!-- Generated by org.testng.reporters.JUnitReportReporter -->
<testsuite hostname="Abduls-MBP" failures="0" tests="1" name="bdTech.E2EProject.driverTest" time="5.692" errors="0" timestamp="2021-08-16T10:52:36 EDT" skipped="0">
  <testcase classname="bdTech.E2EProject.driverTest" name="browserTest" time="5.692"/>
  <system-out/>
</testsuite> <!-- bdTech.E2EProject.driverTest -->
