<?xml version="1.0" encoding="UTF-8"?>
<!-- Generated by org.testng.reporters.JUnitReportReporter -->
<testsuite skipped="0" hostname="Abduls-MBP" name="bdTech.E2EProject.NestedFrameTest" tests="1" failures="0" timestamp="2021-08-31T23:01:03 EDT" time="66.493" errors="0">
  <testcase name="neatedFrame" time="66.493" classname="bdTech.E2EProject.NestedFrameTest"/>
  <system-out/>
</testsuite> <!-- bdTech.E2EProject.NestedFrameTest -->
