<?xml version="1.0" encoding="UTF-8"?>
<!-- Generated by org.testng.reporters.JUnitReportReporter -->
<testsuite skipped="0" hostname="Abduls-MBP" name="bdTech.E2EProject.StreamTest" tests="1" failures="0" timestamp="2021-09-19T22:44:54 EDT" time="0.014" errors="0">
  <testcase name="streamFilter" time="0.014" classname="bdTech.E2EProject.StreamTest"/>
  <system-out/>
</testsuite> <!-- bdTech.E2EProject.StreamTest -->
