<?xml version="1.0" encoding="UTF-8"?>
<!-- Generated by org.testng.reporters.JUnitReportReporter -->
<testsuite hostname="Abduls-MBP" failures="0" tests="1" name="Academy.validateNavigationBar" time="0.112" errors="0" timestamp="2021-11-01T00:03:41 EDT" skipped="0">
  <testcase classname="Academy.validateNavigationBar" name="validateAppNavBar" time="0.112"/>
  <system-out/>
</testsuite> <!-- Academy.validateNavigationBar -->
