<?xml version="1.0" encoding="UTF-8"?>
<!-- Generated by org.testng.reporters.JUnitReportReporter -->
<testsuite hostname="Abduls-MBP" failures="0" tests="1" name="bdTech.E2EProject.E2EProjectTest" time="14.446" errors="0" timestamp="2021-10-19T14:27:09 EDT" skipped="0">
  <testcase classname="bdTech.E2EProject.E2EProjectTest" name="baseNavigation" time="14.446"/>
  <system-out/>
</testsuite> <!-- bdTech.E2EProject.E2EProjectTest -->
