<?xml version="1.0" encoding="UTF-8"?>
<!-- Generated by org.testng.reporters.JUnitReportReporter -->
<testsuite hostname="Abduls-MBP" failures="0" tests="2" name="com.basithenterprise.mavenTest.ApachiJava" time="0.014" errors="0" timestamp="2023-03-03T21:59:43 EST" skipped="0">
  <testcase classname="com.basithenterprise.mavenTest.ApachiJava" name="toyota" time="0.002"/>
  <system-out/>
  <testcase classname="com.basithenterprise.mavenTest.ApachiJava" name="tesla" time="0.012"/>
  <system-out/>
</testsuite> <!-- com.basithenterprise.mavenTest.ApachiJava -->
