<?xml version="1.0" encoding="UTF-8"?>
<!-- Generated by org.testng.reporters.JUnitReportReporter -->
<testsuite hostname="Abduls-MBP" failures="0" tests="2" name="com.basithenterprise.mavenTest.SeleniumjavaTest" time="0.003" errors="0" timestamp="2023-03-03T22:59:37 EST" skipped="0">
  <testcase classname="com.basithenterprise.mavenTest.SeleniumjavaTest" name="toyota" time="0.002"/>
  <system-out/>
  <testcase classname="com.basithenterprise.mavenTest.SeleniumjavaTest" name="tesla" time="0.001"/>
  <system-out/>
</testsuite> <!-- com.basithenterprise.mavenTest.SeleniumjavaTest -->
