<?xml version="1.0" encoding="UTF-8"?>
<!-- Generated by org.testng.reporters.JUnitReportReporter -->
<testsuite hostname="Abduls-MBP" failures="0" tests="2" name="swagLabsPagesTests.ErrorValidationsTest" time="10.449" errors="0" timestamp="2023-03-03T09:51:00 EST" skipped="0">
  <testcase classname="swagLabsPagesTests.ErrorValidationsTest" name="productErrorValidation" time="6.317"/>
  <system-out/>
  <testcase classname="swagLabsPagesTests.ErrorValidationsTest" name="loginErrorValidation" time="4.132"/>
  <system-out/>
</testsuite> <!-- swagLabsPagesTests.ErrorValidationsTest -->
