<?xml version="1.0" encoding="UTF-8"?>
<!-- Generated by org.testng.reporters.JUnitReportReporter -->
<testsuite hostname="Abduls-MBP" failures="0" tests="4" name="swagLabsPagesTests.SwagLabsNegativeTest" time="22.616" errors="0" timestamp="2023-03-03T09:51:00 EST" skipped="0">
  <testcase classname="swagLabsPagesTests.SwagLabsNegativeTest" name="userTest" time="5.392"/>
  <system-out/>
  <testcase classname="swagLabsPagesTests.SwagLabsNegativeTest" name="userTest" time="9.795"/>
  <system-out/>
  <testcase classname="swagLabsPagesTests.SwagLabsNegativeTest" name="userTest" time="4.095"/>
  <system-out/>
  <testcase classname="swagLabsPagesTests.SwagLabsNegativeTest" name="userTest" time="3.334"/>
  <system-out/>
</testsuite> <!-- swagLabsPagesTests.SwagLabsNegativeTest -->
