<?xml version="1.0" encoding="UTF-8"?>
<!-- Generated by org.testng.reporters.JUnitReportReporter -->
<testsuite hostname="Abduls-MBP" failures="0" tests="2" name="swagLabsPagesTests.SwagLabsPositiveTest" time="11.011" errors="0" timestamp="2023-03-03T09:51:00 EST" skipped="0">
  <testcase classname="swagLabsPagesTests.SwagLabsPositiveTest" name="productsSelect" time="5.653"/>
  <system-out/>
  <testcase classname="swagLabsPagesTests.SwagLabsPositiveTest" name="applicationLaunch" time="5.358"/>
  <system-out/>
</testsuite> <!-- swagLabsPagesTests.SwagLabsPositiveTest -->
