<?xml version="1.0" encoding="UTF-8"?>
<!-- Generated by org.testng.reporters.JUnitReportReporter -->
<testsuite hostname="Abduls-MBP" failures="0" tests="3" name="swagLabsPagesTests.SwagLabsStandAlonPracticeTest" time="16.575" errors="0" timestamp="2023-03-03T09:51:00 EST" skipped="0">
  <testcase classname="swagLabsPagesTests.SwagLabsStandAlonPracticeTest" name="submitOrder" time="5.972"/>
  <system-out/>
  <testcase classname="swagLabsPagesTests.SwagLabsStandAlonPracticeTest" name="submitOrder" time="7.123"/>
  <system-out/>
  <testcase classname="swagLabsPagesTests.SwagLabsStandAlonPracticeTest" name="orderHistory" time="3.480"/>
  <system-out/>
</testsuite> <!-- swagLabsPagesTests.SwagLabsStandAlonPracticeTest -->
