<?xml version="1.0" encoding="UTF-8"?>
<!-- Generated by org.testng.reporters.JUnitReportReporter -->
<testsuite hostname="Abduls-MBP" failures="0" tests="2" name="Academy.HomePage" time="21.910" errors="0" timestamp="2023-01-17T17:54:56 EST" skipped="0">
  <testcase classname="Academy.HomePage" name="basePageNavigation" time="14.110"/>
  <system-out/>
  <testcase classname="Academy.HomePage" name="basePageNavigation" time="7.800"/>
  <system-out/>
</testsuite> <!-- Academy.HomePage -->
