<?xml version="1.0" encoding="UTF-8"?>
<!-- Generated by org.testng.reporters.JUnitReportReporter -->
<testsuite hostname="Abduls-MBP" failures="0" tests="1" name="test.GooglePageTest" time="10.304" errors="0" timestamp="2023-03-05T09:14:29 EST" skipped="0">
  <testcase classname="test.GooglePageTest" name="landingPage" time="10.304"/>
  <system-out/>
</testsuite> <!-- test.GooglePageTest -->
