<?xml version="1.0" encoding="UTF-8"?>
<!-- Generated by org.testng.reporters.JUnitReportReporter -->
<testsuite hostname="Abduls-MBP" failures="0" tests="3" name="swagLabsPagesTests.SwagLabsStandAlonPracticeTest" time="13.443" errors="0" timestamp="2023-03-03T09:47:47 EST" skipped="0">
  <testcase classname="swagLabsPagesTests.SwagLabsStandAlonPracticeTest" name="submitOrder" time="5.271"/>
  <system-out/>
  <testcase classname="swagLabsPagesTests.SwagLabsStandAlonPracticeTest" name="submitOrder" time="4.442"/>
  <system-out/>
  <testcase classname="swagLabsPagesTests.SwagLabsStandAlonPracticeTest" name="orderHistory" time="3.730"/>
  <system-out/>
</testsuite> <!-- swagLabsPagesTests.SwagLabsStandAlonPracticeTest -->
