<?xml version="1.0" encoding="UTF-8"?>
<!-- Generated by org.testng.reporters.JUnitReportReporter -->
<testsuite hostname="Abduls-MBP" failures="0" tests="1" name="miscellaneous.W3svhoolsLinksTest" time="29.704" errors="0" timestamp="2023-02-16T09:28:39 EST" skipped="0">
  <testcase classname="miscellaneous.W3svhoolsLinksTest" name="nycPortal" time="29.704"/>
  <system-out/>
</testsuite> <!-- miscellaneous.W3svhoolsLinksTest -->
