<?xml version="1.0" encoding="UTF-8"?>
<!-- Generated by org.testng.reporters.JUnitReportReporter -->
<testsuite hostname="Abduls-MBP" failures="0" tests="1" name="miscellaneous.Instacart" time="32.663" errors="0" timestamp="2023-02-18T20:45:00 EST" skipped="0">
  <testcase classname="miscellaneous.Instacart" name="shopping" time="32.663"/>
  <system-out/>
</testsuite> <!-- miscellaneous.Instacart -->
