<?xml version="1.0" encoding="UTF-8"?>
<!-- Generated by org.testng.reporters.JUnitReportReporter -->
<testsuite hostname="Abduls-MBP" failures="0" tests="1" name="miscellaneous.CalendarPage" time="20.737" errors="0" timestamp="2023-02-18T20:54:52 EST" skipped="0">
  <testcase classname="miscellaneous.CalendarPage" name="calendar" time="20.737"/>
  <system-out/>
</testsuite> <!-- miscellaneous.CalendarPage -->
