<?xml version="1.0" encoding="UTF-8"?>
<!-- Generated by org.testng.reporters.JUnitReportReporter -->
<testsuite hostname="Abduls-MBP" failures="0" tests="1" name="miscellaneous.WegmansSuperMarket" time="7.800" errors="0" timestamp="2023-02-16T09:28:39 EST" skipped="0">
  <testcase classname="miscellaneous.WegmansSuperMarket" name="shoppingWegmans" time="7.800"/>
  <system-out/>
</testsuite> <!-- miscellaneous.WegmansSuperMarket -->
