<?xml version="1.0" encoding="UTF-8"?>
<!-- Generated by org.testng.reporters.JUnitReportReporter -->
<testsuite hostname="Abduls-MBP" failures="0" tests="2" name="miscellaneous.AmazonItemSearchWithStrem" time="47.063" errors="0" timestamp="2023-02-18T20:40:55 EST" skipped="0">
  <testcase classname="miscellaneous.AmazonItemSearchWithStrem" name="wHendel" time="4.584"/>
  <system-out/>
  <testcase classname="miscellaneous.AmazonItemSearchWithStrem" name="itemSearch" time="42.479"/>
  <system-out/>
</testsuite> <!-- miscellaneous.AmazonItemSearchWithStrem -->
