<?xml version="1.0" encoding="UTF-8"?>
<!-- Generated by org.testng.reporters.JUnitReportReporter -->
<testsuite hostname="Abduls-MBP" failures="0" tests="4" name="swagLabsPagesTests.SwagLabsNegativeTest" time="19.413" errors="0" timestamp="2023-03-03T09:49:33 EST" skipped="0">
  <testcase classname="swagLabsPagesTests.SwagLabsNegativeTest" name="userTest" time="2.940"/>
  <system-out/>
  <testcase classname="swagLabsPagesTests.SwagLabsNegativeTest" name="userTest" time="8.618"/>
  <system-out/>
  <testcase classname="swagLabsPagesTests.SwagLabsNegativeTest" name="userTest" time="3.846"/>
  <system-out/>
  <testcase classname="swagLabsPagesTests.SwagLabsNegativeTest" name="userTest" time="4.009"/>
  <system-out/>
</testsuite> <!-- swagLabsPagesTests.SwagLabsNegativeTest -->
