<?xml version="1.0" encoding="UTF-8"?>
<!-- Generated by org.testng.reporters.JUnitReportReporter -->
<testsuite hostname="Abduls-MBP" failures="0" tests="2" name="swagLabsPagesTests.SwagLabsPositiveTest" time="7.898" errors="0" timestamp="2023-03-03T09:50:11 EST" skipped="0">
  <testcase classname="swagLabsPagesTests.SwagLabsPositiveTest" name="applicationLaunch" time="4.127"/>
  <system-out/>
  <testcase classname="swagLabsPagesTests.SwagLabsPositiveTest" name="productsSelect" time="3.771"/>
  <system-out/>
</testsuite> <!-- swagLabsPagesTests.SwagLabsPositiveTest -->
