<?xml version="1.0" encoding="UTF-8"?>
<!-- Generated by org.testng.reporters.JUnitReportReporter -->
<testsuite hostname="Abduls-MBP" failures="0" tests="2" name="cucumber.TestngTestRuner" time="8.709" errors="0" timestamp="2023-02-24T20:01:02 EST" skipped="0">
  <testcase classname="cucumber.TestngTestRuner" name="runScenario" time="4.163"/>
  <system-out/>
  <testcase classname="cucumber.TestngTestRuner" name="runScenario" time="4.546"/>
  <system-out/>
</testsuite> <!-- cucumber.TestngTestRuner -->
