<?xml version="1.0" encoding="UTF-8"?>
<!-- Generated by org.testng.reporters.JUnitReportReporter -->
<testsuite hostname="Abduls-MBP" failures="0" tests="1" name="basith301PageTest.ExtentReport" time="16.917" errors="0" timestamp="2023-03-05T10:48:21 EST" skipped="0">
  <testcase classname="basith301PageTest.ExtentReport" name="shoping" time="16.917"/>
  <system-out/>
</testsuite> <!-- basith301PageTest.ExtentReport -->
