<?xml version="1.0" encoding="UTF-8"?>
<!-- Generated by org.testng.reporters.JUnitReportReporter -->
<testsuite hostname="Abduls-MBP" failures="0" tests="2" name="basith301PageTest.ErrorLoginPageTest" time="22.333" errors="0" timestamp="2023-03-05T10:48:21 EST" skipped="0">
  <testcase classname="basith301PageTest.ErrorLoginPageTest" name="loginError" time="12.712"/>
  <system-out/>
  <testcase classname="basith301PageTest.ErrorLoginPageTest" name="secondLoginError" time="9.621"/>
  <system-out/>
</testsuite> <!-- basith301PageTest.ErrorLoginPageTest -->
