<?xml version="1.0" encoding="UTF-8"?>
<!-- Generated by org.testng.reporters.JUnitReportReporter -->
<testsuite hostname="Abduls-MBP" failures="0" tests="2" name="basith301PageTest.OrderSubmitPageTest" time="35.376" errors="0" timestamp="2023-03-05T10:55:16 EST" skipped="0">
  <testcase classname="basith301PageTest.OrderSubmitPageTest" name="submitOrder" time="18.264"/>
  <system-out/>
  <testcase classname="basith301PageTest.OrderSubmitPageTest" name="submitOrder" time="17.112"/>
  <system-out/>
</testsuite> <!-- basith301PageTest.OrderSubmitPageTest -->
