<?xml version="1.0" encoding="UTF-8"?>
<!-- Generated by org.testng.reporters.JUnitReportReporter -->
<testsuite hostname="Abduls-MBP" failures="0" tests="2" name="Academy.HomePage" time="22.229" errors="0" timestamp="2023-01-17T17:50:30 EST" skipped="0">
  <testcase classname="Academy.HomePage" name="basePageNavigation" time="13.980"/>
  <system-out/>
  <testcase classname="Academy.HomePage" name="basePageNavigation" time="8.249"/>
  <system-out/>
</testsuite> <!-- Academy.HomePage -->
