<?xml version="1.0" encoding="UTF-8"?>
<!-- Generated by org.testng.reporters.JUnitReportReporter -->
<testsuite hostname="Abduls-MBP" failures="0" tests="1" name="uberPagesTest.StandAlon2Test" time="6.355" errors="0" timestamp="2023-03-04T10:07:48 EST" skipped="0">
  <testcase classname="uberPagesTest.StandAlon2Test" name="uberpages" time="6.355"/>
  <system-out/>
</testsuite> <!-- uberPagesTest.StandAlon2Test -->
