<?xml version="1.0" encoding="UTF-8"?>
<!-- Generated by org.testng.reporters.JUnitReportReporter -->
<testsuite hostname="Abduls-MBP" failures="0" tests="1" name="bdtuch.EProject.HomePageTest" time="19.179" errors="0" timestamp="2021-11-13T23:49:08 EST" skipped="0">
  <testcase classname="bdtuch.EProject.HomePageTest" name="landingPage" time="19.179"/>
  <system-out/>
</testsuite> <!-- bdtuch.EProject.HomePageTest -->
