<?xml version="1.0" encoding="UTF-8"?>
<!-- Generated by org.testng.reporters.JUnitReportReporter -->
<testsuite hostname="Abduls-MBP" failures="0" tests="1" name="bdtuch.EProject.HomePage" time="24.416" errors="0" timestamp="2021-10-19T19:44:34 EDT" skipped="0">
  <testcase classname="bdtuch.EProject.HomePage" name="landingPage" time="24.416"/>
  <system-out/>
</testsuite> <!-- bdtuch.EProject.HomePage -->
