<?xml version="1.0" encoding="UTF-8"?>
<!-- Generated by org.testng.reporters.JUnitReportReporter -->
<testsuite hostname="Abduls-MBP" failures="0" tests="1" name="arifProjecttest.ArifProjectTest" time="10.604" errors="0" timestamp="2023-03-03T19:53:01 EST" skipped="0">
  <testcase classname="arifProjecttest.ArifProjectTest" name="saucedemoLogin" time="10.604"/>
  <system-out/>
</testsuite> <!-- arifProjecttest.ArifProjectTest -->
