<?xml version="1.0" encoding="UTF-8"?>
<testsuite xmlns:xsi="http://www.w3.org/2001/XMLSchema-instance" xsi:noNamespaceSchemaLocation="https://maven.apache.org/surefire/maven-surefire-plugin/xsd/surefire-test-report.xsd" name="bdTech.Maven.RestAPITest" time="0.192" tests="2" errors="0" skipped="0" failures="0">
  <properties>
    <property name="java.specification.version" value="17"/>
    <property name="sun.jnu.encoding" value="UTF-8"/>
    <property name="java.class.path" value="/Users/chowdhury/eclipse-workspace/Maven/target/test-classes:/Users/chowdhury/eclipse-workspace/Maven/target/classes:/Users/chowdhury/.m2/repository/io/appium/java-client/7.5.1/java-client-7.5.1.jar:/Users/chowdhury/.m2/repository/org/seleniumhq/selenium/selenium-support/3.141.59/selenium-support-3.141.59.jar:/Users/chowdhury/.m2/repository/org/seleniumhq/selenium/selenium-api/3.141.59/selenium-api-3.141.59.jar:/Users/chowdhury/.m2/repository/com/google/code/gson/gson/2.8.6/gson-2.8.6.jar:/Users/chowdhury/.m2/repository/org/apache/httpcomponents/httpclient/4.5.13/httpclient-4.5.13.jar:/Users/chowdhury/.m2/repository/org/apache/httpcomponents/httpcore/4.4.13/httpcore-4.4.13.jar:/Users/chowdhury/.m2/repository/commons-logging/commons-logging/1.2/commons-logging-1.2.jar:/Users/chowdhury/.m2/repository/commons-codec/commons-codec/1.11/commons-codec-1.11.jar:/Users/chowdhury/.m2/repository/cglib/cglib/3.3.0/cglib-3.3.0.jar:/Users/chowdhury/.m2/repository/org/ow2/asm/asm/7.1/asm-7.1.jar:/Users/chowdhury/.m2/repository/commons-validator/commons-validator/1.7/commons-validator-1.7.jar:/Users/chowdhury/.m2/repository/commons-beanutils/commons-beanutils/1.9.4/commons-beanutils-1.9.4.jar:/Users/chowdhury/.m2/repository/commons-digester/commons-digester/2.1/commons-digester-2.1.jar:/Users/chowdhury/.m2/repository/commons-collections/commons-collections/3.2.2/commons-collections-3.2.2.jar:/Users/chowdhury/.m2/repository/org/apache/commons/commons-lang3/3.12.0/commons-lang3-3.12.0.jar:/Users/chowdhury/.m2/repository/commons-io/commons-io/2.8.0/commons-io-2.8.0.jar:/Users/chowdhury/.m2/repository/org/springframework/spring-context/5.3.4/spring-context-5.3.4.jar:/Users/chowdhury/.m2/repository/org/springframework/spring-aop/5.3.4/spring-aop-5.3.4.jar:/Users/chowdhury/.m2/repository/org/springframework/spring-beans/5.3.4/spring-beans-5.3.4.jar:/Users/chowdhury/.m2/repository/org/springframework/spring-core/5.3.4/spring-core-5.3.4.jar:/Users/chowdhury/.m2/repository/org/springframework/spring-jcl/5.3.4/spring-jcl-5.3.4.jar:/Users/chowdhury/.m2/repository/org/springframework/spring-expression/5.3.4/spring-expression-5.3.4.jar:/Users/chowdhury/.m2/repository/org/aspectj/aspectjweaver/1.9.6/aspectjweaver-1.9.6.jar:/Users/chowdhury/.m2/repository/org/slf4j/slf4j-api/1.7.30/slf4j-api-1.7.30.jar:/Users/chowdhury/.m2/repository/org/seleniumhq/selenium/selenium-java/3.141.59/selenium-java-3.141.59.jar:/Users/chowdhury/.m2/repository/org/seleniumhq/selenium/selenium-chrome-driver/3.141.59/selenium-chrome-driver-3.141.59.jar:/Users/chowdhury/.m2/repository/org/seleniumhq/selenium/selenium-edge-driver/3.141.59/selenium-edge-driver-3.141.59.jar:/Users/chowdhury/.m2/repository/org/seleniumhq/selenium/selenium-firefox-driver/3.141.59/selenium-firefox-driver-3.141.59.jar:/Users/chowdhury/.m2/repository/org/seleniumhq/selenium/selenium-ie-driver/3.141.59/selenium-ie-driver-3.141.59.jar:/Users/chowdhury/.m2/repository/org/seleniumhq/selenium/selenium-opera-driver/3.141.59/selenium-opera-driver-3.141.59.jar:/Users/chowdhury/.m2/repository/org/seleniumhq/selenium/selenium-remote-driver/3.141.59/selenium-remote-driver-3.141.59.jar:/Users/chowdhury/.m2/repository/org/seleniumhq/selenium/selenium-safari-driver/3.141.59/selenium-safari-driver-3.141.59.jar:/Users/chowdhury/.m2/repository/net/bytebuddy/byte-buddy/1.8.15/byte-buddy-1.8.15.jar:/Users/chowdhury/.m2/repository/org/apache/commons/commons-exec/1.3/commons-exec-1.3.jar:/Users/chowdhury/.m2/repository/com/google/guava/guava/25.0-jre/guava-25.0-jre.jar:/Users/chowdhury/.m2/repository/com/google/code/findbugs/jsr305/1.3.9/jsr305-1.3.9.jar:/Users/chowdhury/.m2/repository/org/checkerframework/checker-compat-qual/2.0.0/checker-compat-qual-2.0.0.jar:/Users/chowdhury/.m2/repository/com/google/errorprone/error_prone_annotations/2.1.3/error_prone_annotations-2.1.3.jar:/Users/chowdhury/.m2/repository/com/google/j2objc/j2objc-annotations/1.1/j2objc-annotations-1.1.jar:/Users/chowdhury/.m2/repository/org/codehaus/mojo/animal-sniffer-annotations/1.14/animal-sniffer-annotations-1.14.jar:/Users/chowdhury/.m2/repository/com/squareup/okhttp3/okhttp/3.11.0/okhttp-3.11.0.jar:/Users/chowdhury/.m2/repository/com/squareup/okio/okio/1.14.0/okio-1.14.0.jar:/Users/chowdhury/.m2/repository/org/testng/testng/7.4.0/testng-7.4.0.jar:/Users/chowdhury/.m2/repository/com/beust/jcommander/1.78/jcommander-1.78.jar:/Users/chowdhury/.m2/repository/org/webjars/jquery/3.5.1/jquery-3.5.1.jar:/Users/chowdhury/.m2/repository/io/rest-assured/rest-assured/4.4.0/rest-assured-4.4.0.jar:/Users/chowdhury/.m2/repository/org/codehaus/groovy/groovy/3.0.8/groovy-3.0.8.jar:/Users/chowdhury/.m2/repository/org/codehaus/groovy/groovy-xml/3.0.8/groovy-xml-3.0.8.jar:/Users/chowdhury/.m2/repository/org/apache/httpcomponents/httpmime/4.5.13/httpmime-4.5.13.jar:/Users/chowdhury/.m2/repository/org/hamcrest/hamcrest/2.1/hamcrest-2.1.jar:/Users/chowdhury/.m2/repository/org/ccil/cowan/tagsoup/tagsoup/1.2.1/tagsoup-1.2.1.jar:/Users/chowdhury/.m2/repository/io/rest-assured/json-path/4.4.0/json-path-4.4.0.jar:/Users/chowdhury/.m2/repository/org/codehaus/groovy/groovy-json/3.0.8/groovy-json-3.0.8.jar:/Users/chowdhury/.m2/repository/io/rest-assured/rest-assured-common/4.4.0/rest-assured-common-4.4.0.jar:/Users/chowdhury/.m2/repository/io/rest-assured/xml-path/4.4.0/xml-path-4.4.0.jar:/Users/chowdhury/.m2/repository/jakarta/xml/bind/jakarta.xml.bind-api/2.3.3/jakarta.xml.bind-api-2.3.3.jar:/Users/chowdhury/.m2/repository/jakarta/activation/jakarta.activation-api/1.2.2/jakarta.activation-api-1.2.2.jar:/Users/chowdhury/.m2/repository/com/sun/xml/bind/jaxb-impl/2.3.3/jaxb-impl-2.3.3.jar:"/>
    <property name="java.vm.vendor" value="Homebrew"/>
    <property name="sun.arch.data.model" value="64"/>
    <property name="java.vendor.url" value="https://github.com/Homebrew/homebrew-core/issues"/>
    <property name="os.name" value="Mac OS X"/>
    <property name="java.vm.specification.version" value="17"/>
    <property name="sun.java.launcher" value="SUN_STANDARD"/>
    <property name="user.country" value="US"/>
    <property name="sun.boot.library.path" value="/opt/homebrew/Cellar/openjdk/16.0.1/libexec/openjdk.jdk/Contents/Home/lib"/>
    <property name="sun.java.command" value="/Users/chowdhury/eclipse-workspace/Maven/target/surefire/surefirebooter11444285753841235276.jar /Users/chowdhury/eclipse-workspace/Maven/target/surefire 2021-07-23T23-17-13_845-jvmRun1 surefire14850263173480299525tmp surefire_04916812958894899594tmp"/>
    <property name="http.nonProxyHosts" value="local|*.local|169.254/16|*.169.254/16"/>
    <property name="jdk.debug" value="release"/>
    <property name="test" value="RestAPITest"/>
    <property name="surefire.test.class.path" value="/Users/chowdhury/eclipse-workspace/Maven/target/test-classes:/Users/chowdhury/eclipse-workspace/Maven/target/classes:/Users/chowdhury/.m2/repository/io/appium/java-client/7.5.1/java-client-7.5.1.jar:/Users/chowdhury/.m2/repository/org/seleniumhq/selenium/selenium-support/3.141.59/selenium-support-3.141.59.jar:/Users/chowdhury/.m2/repository/org/seleniumhq/selenium/selenium-api/3.141.59/selenium-api-3.141.59.jar:/Users/chowdhury/.m2/repository/com/google/code/gson/gson/2.8.6/gson-2.8.6.jar:/Users/chowdhury/.m2/repository/org/apache/httpcomponents/httpclient/4.5.13/httpclient-4.5.13.jar:/Users/chowdhury/.m2/repository/org/apache/httpcomponents/httpcore/4.4.13/httpcore-4.4.13.jar:/Users/chowdhury/.m2/repository/commons-logging/commons-logging/1.2/commons-logging-1.2.jar:/Users/chowdhury/.m2/repository/commons-codec/commons-codec/1.11/commons-codec-1.11.jar:/Users/chowdhury/.m2/repository/cglib/cglib/3.3.0/cglib-3.3.0.jar:/Users/chowdhury/.m2/repository/org/ow2/asm/asm/7.1/asm-7.1.jar:/Users/chowdhury/.m2/repository/commons-validator/commons-validator/1.7/commons-validator-1.7.jar:/Users/chowdhury/.m2/repository/commons-beanutils/commons-beanutils/1.9.4/commons-beanutils-1.9.4.jar:/Users/chowdhury/.m2/repository/commons-digester/commons-digester/2.1/commons-digester-2.1.jar:/Users/chowdhury/.m2/repository/commons-collections/commons-collections/3.2.2/commons-collections-3.2.2.jar:/Users/chowdhury/.m2/repository/org/apache/commons/commons-lang3/3.12.0/commons-lang3-3.12.0.jar:/Users/chowdhury/.m2/repository/commons-io/commons-io/2.8.0/commons-io-2.8.0.jar:/Users/chowdhury/.m2/repository/org/springframework/spring-context/5.3.4/spring-context-5.3.4.jar:/Users/chowdhury/.m2/repository/org/springframework/spring-aop/5.3.4/spring-aop-5.3.4.jar:/Users/chowdhury/.m2/repository/org/springframework/spring-beans/5.3.4/spring-beans-5.3.4.jar:/Users/chowdhury/.m2/repository/org/springframework/spring-core/5.3.4/spring-core-5.3.4.jar:/Users/chowdhury/.m2/repository/org/springframework/spring-jcl/5.3.4/spring-jcl-5.3.4.jar:/Users/chowdhury/.m2/repository/org/springframework/spring-expression/5.3.4/spring-expression-5.3.4.jar:/Users/chowdhury/.m2/repository/org/aspectj/aspectjweaver/1.9.6/aspectjweaver-1.9.6.jar:/Users/chowdhury/.m2/repository/org/slf4j/slf4j-api/1.7.30/slf4j-api-1.7.30.jar:/Users/chowdhury/.m2/repository/org/seleniumhq/selenium/selenium-java/3.141.59/selenium-java-3.141.59.jar:/Users/chowdhury/.m2/repository/org/seleniumhq/selenium/selenium-chrome-driver/3.141.59/selenium-chrome-driver-3.141.59.jar:/Users/chowdhury/.m2/repository/org/seleniumhq/selenium/selenium-edge-driver/3.141.59/selenium-edge-driver-3.141.59.jar:/Users/chowdhury/.m2/repository/org/seleniumhq/selenium/selenium-firefox-driver/3.141.59/selenium-firefox-driver-3.141.59.jar:/Users/chowdhury/.m2/repository/org/seleniumhq/selenium/selenium-ie-driver/3.141.59/selenium-ie-driver-3.141.59.jar:/Users/chowdhury/.m2/repository/org/seleniumhq/selenium/selenium-opera-driver/3.141.59/selenium-opera-driver-3.141.59.jar:/Users/chowdhury/.m2/repository/org/seleniumhq/selenium/selenium-remote-driver/3.141.59/selenium-remote-driver-3.141.59.jar:/Users/chowdhury/.m2/repository/org/seleniumhq/selenium/selenium-safari-driver/3.141.59/selenium-safari-driver-3.141.59.jar:/Users/chowdhury/.m2/repository/net/bytebuddy/byte-buddy/1.8.15/byte-buddy-1.8.15.jar:/Users/chowdhury/.m2/repository/org/apache/commons/commons-exec/1.3/commons-exec-1.3.jar:/Users/chowdhury/.m2/repository/com/google/guava/guava/25.0-jre/guava-25.0-jre.jar:/Users/chowdhury/.m2/repository/com/google/code/findbugs/jsr305/1.3.9/jsr305-1.3.9.jar:/Users/chowdhury/.m2/repository/org/checkerframework/checker-compat-qual/2.0.0/checker-compat-qual-2.0.0.jar:/Users/chowdhury/.m2/repository/com/google/errorprone/error_prone_annotations/2.1.3/error_prone_annotations-2.1.3.jar:/Users/chowdhury/.m2/repository/com/google/j2objc/j2objc-annotations/1.1/j2objc-annotations-1.1.jar:/Users/chowdhury/.m2/repository/org/codehaus/mojo/animal-sniffer-annotations/1.14/animal-sniffer-annotations-1.14.jar:/Users/chowdhury/.m2/repository/com/squareup/okhttp3/okhttp/3.11.0/okhttp-3.11.0.jar:/Users/chowdhury/.m2/repository/com/squareup/okio/okio/1.14.0/okio-1.14.0.jar:/Users/chowdhury/.m2/repository/org/testng/testng/7.4.0/testng-7.4.0.jar:/Users/chowdhury/.m2/repository/com/beust/jcommander/1.78/jcommander-1.78.jar:/Users/chowdhury/.m2/repository/org/webjars/jquery/3.5.1/jquery-3.5.1.jar:/Users/chowdhury/.m2/repository/io/rest-assured/rest-assured/4.4.0/rest-assured-4.4.0.jar:/Users/chowdhury/.m2/repository/org/codehaus/groovy/groovy/3.0.8/groovy-3.0.8.jar:/Users/chowdhury/.m2/repository/org/codehaus/groovy/groovy-xml/3.0.8/groovy-xml-3.0.8.jar:/Users/chowdhury/.m2/repository/org/apache/httpcomponents/httpmime/4.5.13/httpmime-4.5.13.jar:/Users/chowdhury/.m2/repository/org/hamcrest/hamcrest/2.1/hamcrest-2.1.jar:/Users/chowdhury/.m2/repository/org/ccil/cowan/tagsoup/tagsoup/1.2.1/tagsoup-1.2.1.jar:/Users/chowdhury/.m2/repository/io/rest-assured/json-path/4.4.0/json-path-4.4.0.jar:/Users/chowdhury/.m2/repository/org/codehaus/groovy/groovy-json/3.0.8/groovy-json-3.0.8.jar:/Users/chowdhury/.m2/repository/io/rest-assured/rest-assured-common/4.4.0/rest-assured-common-4.4.0.jar:/Users/chowdhury/.m2/repository/io/rest-assured/xml-path/4.4.0/xml-path-4.4.0.jar:/Users/chowdhury/.m2/repository/jakarta/xml/bind/jakarta.xml.bind-api/2.3.3/jakarta.xml.bind-api-2.3.3.jar:/Users/chowdhury/.m2/repository/jakarta/activation/jakarta.activation-api/1.2.2/jakarta.activation-api-1.2.2.jar:/Users/chowdhury/.m2/repository/com/sun/xml/bind/jaxb-impl/2.3.3/jaxb-impl-2.3.3.jar:"/>
    <property name="sun.cpu.endian" value="little"/>
    <property name="user.home" value="/Users/chowdhury"/>
    <property name="user.language" value="en"/>
    <property name="java.specification.vendor" value="Oracle Corporation"/>
    <property name="java.version.date" value="2021-09-14"/>
    <property name="java.home" value="/opt/homebrew/Cellar/openjdk/16.0.1/libexec/openjdk.jdk/Contents/Home"/>
    <property name="file.separator" value="/"/>
    <property name="basedir" value="/Users/chowdhury/eclipse-workspace/Maven"/>
    <property name="java.vm.compressedOopsMode" value="Zero based"/>
    <property name="line.separator" value="&#10;"/>
    <property name="java.vm.specification.vendor" value="Oracle Corporation"/>
    <property name="java.specification.name" value="Java Platform API Specification"/>
    <property name="surefire.real.class.path" value="/Users/chowdhury/eclipse-workspace/Maven/target/surefire/surefirebooter11444285753841235276.jar"/>
    <property name="sun.management.compiler" value="HotSpot 64-Bit Tiered Compilers"/>
    <property name="ftp.nonProxyHosts" value="local|*.local|169.254/16|*.169.254/16"/>
    <property name="java.runtime.version" value="17+0"/>
    <property name="user.name" value="chowdhury"/>
    <property name="path.separator" value=":"/>
    <property name="os.version" value="11.5"/>
    <property name="java.runtime.name" value="OpenJDK Runtime Environment"/>
    <property name="file.encoding" value="UTF-8"/>
    <property name="java.vm.name" value="OpenJDK 64-Bit Server VM"/>
    <property name="java.vendor.version" value="Homebrew"/>
    <property name="localRepository" value="/Users/chowdhury/.m2/repository"/>
    <property name="java.vendor.url.bug" value="https://github.com/Homebrew/homebrew-core/issues"/>
    <property name="java.io.tmpdir" value="/var/folders/v1/m_bbz64j5wvgqdklf0wb95d80000gn/T/"/>
    <property name="java.version" value="17"/>
    <property name="user.dir" value="/Users/chowdhury/eclipse-workspace/Maven"/>
    <property name="os.arch" value="aarch64"/>
    <property name="java.vm.specification.name" value="Java Virtual Machine Specification"/>
    <property name="native.encoding" value="UTF-8"/>
    <property name="java.library.path" value="/Users/chowdhury/Library/Java/Extensions:/Library/Java/Extensions:/Network/Library/Java/Extensions:/System/Library/Java/Extensions:/usr/lib/java:."/>
    <property name="java.vm.info" value="mixed mode"/>
    <property name="java.vendor" value="Homebrew"/>
    <property name="java.vm.version" value="17+0"/>
    <property name="sun.io.unicode.encoding" value="UnicodeBig"/>
    <property name="socksNonProxyHosts" value="local|*.local|169.254/16|*.169.254/16"/>
    <property name="java.class.version" value="61.0"/>
  </properties>
  <testcase name="application" classname="bdTech.Maven.RestAPITest" time="0.001"/>
  <testcase name="start" classname="bdTech.Maven.RestAPITest" time="0"/>
</testsuite>