<?xml version="1.0" encoding="UTF-8"?>
<!-- Generated by org.testng.reporters.JUnitReportReporter -->
<testsuite hostname="Abduls-MBP" failures="0" tests="1" name="basith301.SeleniumFramework.AppTest" time="0.001" errors="0" timestamp="2023-01-04T10:28:38 EST" skipped="0">
  <testcase classname="basith301.SeleniumFramework.AppTest" name="shouldAnswerWithTrue" time="0.001"/>
  <system-out/>
</testsuite> <!-- basith301.SeleniumFramework.AppTest -->
