<?xml version="1.0" encoding="UTF-8"?>
<!-- Generated by org.testng.reporters.JUnitReportReporter -->
<testsuite hostname="Abduls-MBP" failures="0" tests="1" name="miscellaneous.WegmansSuperMarket" time="7.818" errors="0" timestamp="2023-02-28T15:39:57 EST" skipped="0">
  <testcase classname="miscellaneous.WegmansSuperMarket" name="shoppingWegmans" time="7.818"/>
  <system-out/>
</testsuite> <!-- miscellaneous.WegmansSuperMarket -->
