<?xml version="1.0" encoding="UTF-8"?>
<!-- Generated by org.testng.reporters.JUnitReportReporter -->
<testsuite hostname="Abduls-MBP" failures="0" tests="1" name="miscellaneous.MiscellaneousTest" time="9.056" errors="0" timestamp="2023-02-28T10:10:04 EST" skipped="0">
  <testcase classname="miscellaneous.MiscellaneousTest" name="calanderPractice" time="9.056"/>
  <system-out/>
</testsuite> <!-- miscellaneous.MiscellaneousTest -->
