<?xml version="1.0" encoding="UTF-8"?>
<!-- Generated by org.testng.reporters.JUnitReportReporter -->
<testsuite hostname="Abduls-MBP" failures="0" tests="5" name="miscellaneous.Booking" time="95.617" errors="0" timestamp="2023-02-28T15:38:20 EST" skipped="0">
  <testcase classname="miscellaneous.Booking" name="flightBooking" time="9.210"/>
  <system-out/>
  <testcase classname="miscellaneous.Booking" name="cookidelate" time="7.310"/>
  <system-out/>
  <testcase classname="miscellaneous.Booking" name="multiWindow" time="28.298"/>
  <system-out/>
  <testcase classname="miscellaneous.Booking" name="pageHendle" time="26.452"/>
  <system-out/>
  <testcase classname="miscellaneous.Booking" name="rLocator" time="24.347"/>
  <system-out/>
</testsuite> <!-- miscellaneous.Booking -->
