<?xml version="1.0" encoding="UTF-8"?>
<!-- Generated by org.testng.reporters.JUnitReportReporter -->
<testsuite hostname="Abduls-MBP" failures="0" tests="1" name="miscellaneous.Table" time="8.910" errors="0" timestamp="2023-02-28T15:41:48 EST" skipped="0">
  <testcase classname="miscellaneous.Table" name="windowScroll" time="8.910"/>
  <system-out/>
</testsuite> <!-- miscellaneous.Table -->
