<?xml version="1.0" encoding="UTF-8"?>
<!-- Generated by org.testng.reporters.JUnitReportReporter -->
<testsuite hostname="Abduls-MBP" failures="0" tests="1" name="basith301.SeleniumFramework.Streams" time="0.000" errors="0" timestamp="2023-01-04T10:43:10 EST" skipped="0">
  <testcase classname="basith301.SeleniumFramework.Streams" name="streamTest" time="0.000"/>
  <system-out/>
</testsuite> <!-- basith301.SeleniumFramework.Streams -->
