<?xml version="1.0" encoding="UTF-8"?>
<!-- Generated by org.testng.reporters.JUnitReportReporter -->
<testsuite hostname="Abduls-MBP" failures="0" tests="1" name="miscellaneous.Instacart" time="9.504" errors="0" timestamp="2023-02-27T21:31:00 EST" skipped="0">
  <testcase classname="miscellaneous.Instacart" name="shopping" time="9.504"/>
  <system-out/>
</testsuite> <!-- miscellaneous.Instacart -->
