<?xml version="1.0" encoding="UTF-8"?>
<!-- Generated by org.testng.reporters.JUnitReportReporter -->
<testsuite hostname="Abduls-MBP" failures="0" tests="1" name="miscellaneous.W3svhoolsLinksTest" time="28.547" errors="0" timestamp="2023-02-28T15:40:59 EST" skipped="0">
  <testcase classname="miscellaneous.W3svhoolsLinksTest" name="nycPortal" time="28.547"/>
  <system-out/>
</testsuite> <!-- miscellaneous.W3svhoolsLinksTest -->
