<?xml version="1.0" encoding="UTF-8"?>
<!-- Generated by org.testng.reporters.JUnitReportReporter -->
<testsuite hostname="Abduls-MBP" failures="0" tests="1" name="basith301.SeleniumFramework.Practice" time="2.691" errors="0" timestamp="2023-02-27T21:31:00 EST" skipped="0">
  <testcase classname="basith301.SeleniumFramework.Practice" name="bedssl" time="2.691"/>
  <system-out/>
</testsuite> <!-- basith301.SeleniumFramework.Practice -->
