<?xml version="1.0" encoding="UTF-8"?>
<!-- Generated by org.testng.reporters.JUnitReportReporter -->
<testsuite hostname="Abduls-MBP" failures="0" tests="2" name="bdTech.Maven.MobilTest" time="0.000" errors="0" timestamp="2021-07-23T23:15:35 EDT" skipped="0">
  <testcase classname="bdTech.Maven.MobilTest" name="application" time="0.000"/>
  <system-out/>
  <testcase classname="bdTech.Maven.MobilTest" name="start" time="0.000"/>
  <system-out/>
</testsuite> <!-- bdTech.Maven.MobilTest -->
