<?xml version="1.0" encoding="UTF-8"?>
<!-- Generated by org.testng.reporters.JUnitReportReporter -->
<testsuite hostname="Abduls-MBP" failures="0" tests="2" name="bdTech.Maven.SeleniumTest" time="0.000" errors="0" timestamp="2021-07-23T22:44:21 EDT" skipped="0">
  <testcase classname="bdTech.Maven.SeleniumTest" name="elemant" time="0.000"/>
  <system-out/>
  <testcase classname="bdTech.Maven.SeleniumTest" name="browserauto" time="0.000"/>
  <system-out/>
</testsuite> <!-- bdTech.Maven.SeleniumTest -->
