<?xml version="1.0" encoding="UTF-8"?>
<!-- Generated by org.testng.reporters.JUnitReportReporter -->
<testsuite hostname="Abduls-MBP" failures="0" tests="2" name="bdTech.Maven.TestAPI" time="0.000" errors="0" timestamp="2021-07-23T21:47:22 EDT" skipped="0">
  <testcase classname="bdTech.Maven.TestAPI" name="testsite" time="0.000"/>
  <system-out/>
  <testcase classname="bdTech.Maven.TestAPI" name="website" time="0.000"/>
  <system-out/>
</testsuite> <!-- bdTech.Maven.TestAPI -->
