<?xml version="1.0" encoding="UTF-8"?>
<!-- Generated by org.testng.reporters.JUnitReportReporter -->
<testsuite hostname="Abduls-MBP" failures="0" tests="1" name="a_I_S_pageTest.A_I_S_dropdown" time="20.368" errors="0" timestamp="2023-03-03T19:10:24 EST" skipped="0">
  <testcase classname="a_I_S_pageTest.A_I_S_dropdown" name="arabianShappong" time="20.368"/>
  <system-out/>
</testsuite> <!-- a_I_S_pageTest.A_I_S_dropdown -->
