<?xml version="1.0" encoding="UTF-8"?>
<!-- Generated by org.testng.reporters.JUnitReportReporter -->
<testsuite hostname="Abduls-MBP" failures="0" tests="1" name="a_I_S_pageTest.LoginIn_PageTest" time="29.099" errors="0" timestamp="2023-03-04T22:58:43 EST" skipped="0">
  <testcase classname="a_I_S_pageTest.LoginIn_PageTest" name="login" time="29.099"/>
  <system-out/>
</testsuite> <!-- a_I_S_pageTest.LoginIn_PageTest -->
