<?xml version="1.0" encoding="UTF-8"?>
<!-- Generated by org.testng.reporters.JUnitReportReporter -->
<testsuite hostname="Abduls-MBP" failures="0" tests="1" name="a_I_S_pageTest.A_I_S_dropdownTest" time="19.674" errors="0" timestamp="2023-03-04T22:58:43 EST" skipped="0">
  <testcase classname="a_I_S_pageTest.A_I_S_dropdownTest" name="arabianShappong" time="19.674"/>
  <system-out/>
</testsuite> <!-- a_I_S_pageTest.A_I_S_dropdownTest -->
