<?xml version="1.0" encoding="UTF-8"?>
<!-- Generated by org.testng.reporters.JUnitReportReporter -->
<testsuite hostname="Abduls-MBP" failures="0" tests="2" name="com.basithenterprise.mavenTest.ApachiJavaTest" time="0.001" errors="0" timestamp="2023-03-03T23:22:22 EST" skipped="0">
  <testcase classname="com.basithenterprise.mavenTest.ApachiJavaTest" name="toyota" time="0.000"/>
  <system-out/>
  <testcase classname="com.basithenterprise.mavenTest.ApachiJavaTest" name="tesla" time="0.001"/>
  <system-out/>
</testsuite> <!-- com.basithenterprise.mavenTest.ApachiJavaTest -->
