<?xml version="1.0" encoding="UTF-8"?>
<!-- Generated by org.testng.reporters.JUnitReportReporter -->
<testsuite hostname="Abduls-MBP" failures="0" tests="1" name="bdTuch.extentReports.ExtentReportsTest" time="9.881" errors="0" timestamp="2023-01-21T23:53:34 EST" skipped="0">
  <testcase classname="bdTuch.extentReports.ExtentReportsTest" name="saucedemoTest" time="9.881"/>
  <system-out/>
</testsuite> <!-- bdTuch.extentReports.ExtentReportsTest -->
