<?xml version="1.0" encoding="UTF-8"?>
<!-- Generated by org.testng.reporters.JUnitReportReporter -->
<testsuite hostname="Abduls-MBP" failures="0" tests="4" name="OrangeHRA.TestArrays" time="41.533" errors="0" timestamp="2021-08-07T22:43:31 EDT" skipped="0">
  <testcase classname="OrangeHRA.TestArrays" name="hra" time="7.753"/>
  <system-out/>
  <testcase classname="OrangeHRA.TestArrays" name="scope" time="9.832"/>
  <system-out/>
  <testcase classname="OrangeHRA.TestArrays" name="acctionTest" time="16.050"/>
  <system-out/>
  <testcase classname="OrangeHRA.TestArrays" name="allAdmin" time="7.898"/>
  <system-out/>
</testsuite> <!-- OrangeHRA.TestArrays -->
