<?xml version="1.0" encoding="UTF-8"?>
<!-- Generated by org.testng.reporters.JUnitReportReporter -->
<testsuite hostname="Abduls-MBP" failures="0" tests="1" name="Ups.TestUPS" time="28.663" errors="0" timestamp="2021-08-07T22:43:31 EDT" skipped="0">
  <testcase classname="Ups.TestUPS" name="Upslogin" time="28.663"/>
  <system-out/>
</testsuite> <!-- Ups.TestUPS -->
