<?xml version="1.0" encoding="UTF-8"?>
<!-- Generated by org.testng.reporters.JUnitReportReporter -->
<testsuite hostname="Abduls-MBP" failures="0" tests="4" name="OrangeHRA.Test1" time="46.377" errors="0" timestamp="2021-08-07T22:43:31 EDT" skipped="0">
  <testcase classname="OrangeHRA.Test1" name="firstTest" time="12.325"/>
  <system-out/>
  <testcase classname="OrangeHRA.Test1" name="secondTest" time="12.361"/>
  <system-out/>
  <testcase classname="OrangeHRA.Test1" name="thirdTest" time="10.700"/>
  <system-out/>
  <testcase classname="OrangeHRA.Test1" name="forthTest" time="10.991"/>
  <system-out/>
</testsuite> <!-- OrangeHRA.Test1 -->
