<?xml version="1.0" encoding="UTF-8"?>
<!-- Generated by org.testng.reporters.JUnitReportReporter -->
<testsuite hostname="Abduls-MBP" failures="0" tests="4" name="OrangeHRA.MyTest" time="57.119" errors="0" timestamp="2021-08-07T22:43:31 EDT" skipped="0">
  <testcase classname="OrangeHRA.MyTest" name="testHraLoginPage" time="12.427"/>
  <system-out/>
  <testcase classname="OrangeHRA.MyTest" name="testDirectoryPage" time="15.283"/>
  <system-out/>
  <testcase classname="OrangeHRA.MyTest" name="testHraPimPage" time="13.444"/>
  <system-out/>
  <testcase classname="OrangeHRA.MyTest" name="testMaintenancePage" time="15.965"/>
  <system-out/>
</testsuite> <!-- OrangeHRA.MyTest -->
